[11:58:44] [main/INFO] [LaunchWrapper]: Loading tweak class name cpw.mods.fml.common.launcher.FMLServerTweaker
[11:58:44] [main/INFO] [LaunchWrapper]: Using primary tweak class name cpw.mods.fml.common.launcher.FMLServerTweaker
[11:58:44] [main/INFO] [LaunchWrapper]: Calling tweak class cpw.mods.fml.common.launcher.FMLServerTweaker
[11:59:22] [main/INFO] [LaunchWrapper]: Loading tweak class name cpw.mods.fml.common.launcher.FMLServerTweaker
[11:59:22] [main/INFO] [LaunchWrapper]: Using primary tweak class name cpw.mods.fml.common.launcher.FMLServerTweaker
[11:59:22] [main/INFO] [LaunchWrapper]: Calling tweak class cpw.mods.fml.common.launcher.FMLServerTweaker
[11:59:36] [main/INFO] [GradleStart]: No arguments specified, assuming client.
[11:59:36] [main/INFO] [GradleStart]: Extra: []
[11:59:36] [main/INFO] [GradleStart]: Setting up virtual assets in: C:\Users\Jason Archer\.gradle\caches\minecraft\assets\virtual\legacy
[11:59:36] [main/INFO] [GradleStart]:   READ_ME_I_AM_VERY_IMPORTANT.txt: NEW 
[11:59:36] [main/INFO] [GradleStart]:   icons/icon_16x16.png: NEW 
[11:59:36] [main/INFO] [GradleStart]:   icons/icon_32x32.png: NEW 
[11:59:36] [main/INFO] [GradleStart]:   icons/minecraft.icns: NEW 
[11:59:36] [main/INFO] [GradleStart]:   lang/af_ZA.lang: NEW 
[11:59:36] [main/INFO] [GradleStart]:   lang/ar_SA.lang: NEW 
[11:59:36] [main/INFO] [GradleStart]:   lang/bg_BG.lang: NEW 
[11:59:36] [main/INFO] [GradleStart]:   lang/ca_ES.lang: NEW 
[11:59:36] [main/INFO] [GradleStart]:   lang/cs_CZ.lang: NEW 
[11:59:36] [main/INFO] [GradleStart]:   lang/cy_GB.lang: NEW 
[11:59:36] [main/INFO] [GradleStart]:   lang/da_DK.lang: NEW 
[11:59:36] [main/INFO] [GradleStart]:   lang/de_DE.lang: NEW 
[11:59:36] [main/INFO] [GradleStart]:   lang/el_GR.lang: NEW 
[11:59:36] [main/INFO] [GradleStart]:   lang/en_AU.lang: NEW 
[11:59:36] [main/INFO] [GradleStart]:   lang/en_CA.lang: NEW 
[11:59:36] [main/INFO] [GradleStart]:   lang/en_GB.lang: NEW 
[11:59:36] [main/INFO] [GradleStart]:   lang/en_PT.lang: NEW 
[11:59:36] [main/INFO] [GradleStart]:   lang/eo_UY.lang: NEW 
[11:59:36] [main/INFO] [GradleStart]:   lang/es_AR.lang: NEW 
[11:59:36] [main/INFO] [GradleStart]:   lang/es_ES.lang: NEW 
[11:59:36] [main/INFO] [GradleStart]:   lang/es_MX.lang: NEW 
[11:59:36] [main/INFO] [GradleStart]:   lang/es_UY.lang: NEW 
[11:59:36] [main/INFO] [GradleStart]:   lang/es_VE.lang: NEW 
[11:59:36] [main/INFO] [GradleStart]:   lang/et_EE.lang: NEW 
[11:59:36] [main/INFO] [GradleStart]:   lang/eu_ES.lang: NEW 
[11:59:36] [main/INFO] [GradleStart]:   lang/fa_IR.lang: NEW 
[11:59:36] [main/INFO] [GradleStart]:   lang/fi_FI.lang: NEW 
[11:59:36] [main/INFO] [GradleStart]:   lang/fil_PH.lang: NEW 
[11:59:36] [main/INFO] [GradleStart]:   lang/fr_CA.lang: NEW 
[11:59:36] [main/INFO] [GradleStart]:   lang/fr_FR.lang: NEW 
[11:59:36] [main/INFO] [GradleStart]:   lang/ga_IE.lang: NEW 
[11:59:36] [main/INFO] [GradleStart]:   lang/gl_ES.lang: NEW 
[11:59:36] [main/INFO] [GradleStart]:   lang/he_IL.lang: NEW 
[11:59:36] [main/INFO] [GradleStart]:   lang/hi_IN.lang: NEW 
[11:59:36] [main/INFO] [GradleStart]:   lang/hr_HR.lang: NEW 
[11:59:36] [main/INFO] [GradleStart]:   lang/hu_HU.lang: NEW 
[11:59:36] [main/INFO] [GradleStart]:   lang/hy_AM.lang: NEW 
[11:59:36] [main/INFO] [GradleStart]:   lang/id_ID.lang: NEW 
[11:59:36] [main/INFO] [GradleStart]:   lang/is_IS.lang: NEW 
[11:59:36] [main/INFO] [GradleStart]:   lang/it_IT.lang: NEW 
[11:59:36] [main/INFO] [GradleStart]:   lang/ja_JP.lang: NEW 
[11:59:36] [main/INFO] [GradleStart]:   lang/ka_GE.lang: NEW 
[11:59:36] [main/INFO] [GradleStart]:   lang/ko_KR.lang: NEW 
[11:59:36] [main/INFO] [GradleStart]:   lang/kw_GB.lang: NEW 
[11:59:36] [main/INFO] [GradleStart]:   lang/la_LA.lang: NEW 
[11:59:36] [main/INFO] [GradleStart]:   lang/lb_LU.lang: NEW 
[11:59:36] [main/INFO] [GradleStart]:   lang/lt_LT.lang: NEW 
[11:59:36] [main/INFO] [GradleStart]:   lang/lv_LV.lang: NEW 
[11:59:36] [main/INFO] [GradleStart]:   lang/ms_MY.lang: NEW 
[11:59:36] [main/INFO] [GradleStart]:   lang/mt_MT.lang: NEW 
[11:59:36] [main/INFO] [GradleStart]:   lang/nl_NL.lang: NEW 
[11:59:36] [main/INFO] [GradleStart]:   lang/nn_NO.lang: NEW 
[11:59:36] [main/INFO] [GradleStart]:   lang/no_NO.lang: NEW 
[11:59:36] [main/INFO] [GradleStart]:   lang/oc_FR.lang: NEW 
[11:59:36] [main/INFO] [GradleStart]:   lang/pl_PL.lang: NEW 
[11:59:36] [main/INFO] [GradleStart]:   lang/pt_BR.lang: NEW 
[11:59:36] [main/INFO] [GradleStart]:   lang/pt_PT.lang: NEW 
[11:59:36] [main/INFO] [GradleStart]:   lang/qya_AA.lang: NEW 
[11:59:36] [main/INFO] [GradleStart]:   lang/ro_RO.lang: NEW 
[11:59:36] [main/INFO] [GradleStart]:   lang/ru_RU.lang: NEW 
[11:59:36] [main/INFO] [GradleStart]:   lang/sk_SK.lang: NEW 
[11:59:36] [main/INFO] [GradleStart]:   lang/sl_SI.lang: NEW 
[11:59:36] [main/INFO] [GradleStart]:   lang/sr_SP.lang: NEW 
[11:59:36] [main/INFO] [GradleStart]:   lang/sv_SE.lang: NEW 
[11:59:36] [main/INFO] [GradleStart]:   lang/th_TH.lang: NEW 
[11:59:36] [main/INFO] [GradleStart]:   lang/tlh_AA.lang: NEW 
[11:59:36] [main/INFO] [GradleStart]:   lang/tr_TR.lang: NEW 
[11:59:36] [main/INFO] [GradleStart]:   lang/uk_UA.lang: NEW 
[11:59:36] [main/INFO] [GradleStart]:   lang/vi_VN.lang: NEW 
[11:59:36] [main/INFO] [GradleStart]:   lang/zh_CN.lang: NEW 
[11:59:36] [main/INFO] [GradleStart]:   lang/zh_TW.lang: NEW 
[11:59:36] [main/INFO] [GradleStart]:   music/calm1.ogg: NEW 
[11:59:36] [main/INFO] [GradleStart]:   music/calm2.ogg: NEW 
[11:59:36] [main/INFO] [GradleStart]:   music/calm3.ogg: NEW 
[11:59:36] [main/INFO] [GradleStart]:   music/hal1.ogg: NEW 
[11:59:36] [main/INFO] [GradleStart]:   music/hal2.ogg: NEW 
[11:59:36] [main/INFO] [GradleStart]:   music/hal3.ogg: NEW 
[11:59:36] [main/INFO] [GradleStart]:   music/hal4.ogg: NEW 
[11:59:36] [main/INFO] [GradleStart]:   music/nuance1.ogg: NEW 
[11:59:36] [main/INFO] [GradleStart]:   music/nuance2.ogg: NEW 
[11:59:36] [main/INFO] [GradleStart]:   music/piano1.ogg: NEW 
[11:59:36] [main/INFO] [GradleStart]:   music/piano2.ogg: NEW 
[11:59:36] [main/INFO] [GradleStart]:   music/piano3.ogg: NEW 
[11:59:36] [main/INFO] [GradleStart]:   pack.mcmeta: NEW 
[11:59:36] [main/INFO] [GradleStart]:   records/11.ogg: NEW 
[11:59:36] [main/INFO] [GradleStart]:   records/13.ogg: NEW 
[11:59:36] [main/INFO] [GradleStart]:   records/blocks.ogg: NEW 
[11:59:36] [main/INFO] [GradleStart]:   records/cat.ogg: NEW 
[11:59:36] [main/INFO] [GradleStart]:   records/chirp.ogg: NEW 
[11:59:36] [main/INFO] [GradleStart]:   records/far.ogg: NEW 
[11:59:36] [main/INFO] [GradleStart]:   records/mall.ogg: NEW 
[11:59:36] [main/INFO] [GradleStart]:   records/mellohi.ogg: NEW 
[11:59:36] [main/INFO] [GradleStart]:   records/stal.ogg: NEW 
[11:59:37] [main/INFO] [GradleStart]:   records/strad.ogg: NEW 
[11:59:37] [main/INFO] [GradleStart]:   records/wait.ogg: NEW 
[11:59:37] [main/INFO] [GradleStart]:   records/ward.ogg: NEW 
[11:59:37] [main/INFO] [GradleStart]:   sound/ambient/cave/cave1.ogg: NEW 
[11:59:37] [main/INFO] [GradleStart]:   sound/ambient/cave/cave10.ogg: NEW 
[11:59:37] [main/INFO] [GradleStart]:   sound/ambient/cave/cave11.ogg: NEW 
[11:59:37] [main/INFO] [GradleStart]:   sound/ambient/cave/cave12.ogg: NEW 
[11:59:37] [main/INFO] [GradleStart]:   sound/ambient/cave/cave13.ogg: NEW 
[11:59:37] [main/INFO] [GradleStart]:   sound/ambient/cave/cave2.ogg: NEW 
[11:59:37] [main/INFO] [GradleStart]:   sound/ambient/cave/cave3.ogg: NEW 
[11:59:37] [main/INFO] [GradleStart]:   sound/ambient/cave/cave4.ogg: NEW 
[11:59:37] [main/INFO] [GradleStart]:   sound/ambient/cave/cave5.ogg: NEW 
[11:59:37] [main/INFO] [GradleStart]:   sound/ambient/cave/cave6.ogg: NEW 
[11:59:37] [main/INFO] [GradleStart]:   sound/ambient/cave/cave7.ogg: NEW 
[11:59:37] [main/INFO] [GradleStart]:   sound/ambient/cave/cave8.ogg: NEW 
[11:59:37] [main/INFO] [GradleStart]:   sound/ambient/cave/cave9.ogg: NEW 
[11:59:37] [main/INFO] [GradleStart]:   sound/ambient/weather/rain1.ogg: NEW 
[11:59:37] [main/INFO] [GradleStart]:   sound/ambient/weather/rain2.ogg: NEW 
[11:59:37] [main/INFO] [GradleStart]:   sound/ambient/weather/rain3.ogg: NEW 
[11:59:37] [main/INFO] [GradleStart]:   sound/ambient/weather/rain4.ogg: NEW 
[11:59:37] [main/INFO] [GradleStart]:   sound/ambient/weather/thunder1.ogg: NEW 
[11:59:37] [main/INFO] [GradleStart]:   sound/ambient/weather/thunder2.ogg: NEW 
[11:59:37] [main/INFO] [GradleStart]:   sound/ambient/weather/thunder3.ogg: NEW 
[11:59:37] [main/INFO] [GradleStart]:   sound/damage/fallbig.ogg: NEW 
[11:59:37] [main/INFO] [GradleStart]:   sound/damage/fallsmall.ogg: NEW 
[11:59:37] [main/INFO] [GradleStart]:   sound/damage/hit1.ogg: NEW 
[11:59:37] [main/INFO] [GradleStart]:   sound/damage/hit2.ogg: NEW 
[11:59:37] [main/INFO] [GradleStart]:   sound/damage/hit3.ogg: NEW 
[11:59:37] [main/INFO] [GradleStart]:   sound/dig/cloth1.ogg: NEW 
[11:59:37] [main/INFO] [GradleStart]:   sound/dig/cloth2.ogg: NEW 
[11:59:37] [main/INFO] [GradleStart]:   sound/dig/cloth3.ogg: NEW 
[11:59:37] [main/INFO] [GradleStart]:   sound/dig/cloth4.ogg: NEW 
[11:59:37] [main/INFO] [GradleStart]:   sound/dig/grass1.ogg: NEW 
[11:59:37] [main/INFO] [GradleStart]:   sound/dig/grass2.ogg: NEW 
[11:59:37] [main/INFO] [GradleStart]:   sound/dig/grass3.ogg: NEW 
[11:59:37] [main/INFO] [GradleStart]:   sound/dig/grass4.ogg: NEW 
[11:59:37] [main/INFO] [GradleStart]:   sound/dig/gravel1.ogg: NEW 
[11:59:37] [main/INFO] [GradleStart]:   sound/dig/gravel2.ogg: NEW 
[11:59:37] [main/INFO] [GradleStart]:   sound/dig/gravel3.ogg: NEW 
[11:59:37] [main/INFO] [GradleStart]:   sound/dig/gravel4.ogg: NEW 
[11:59:37] [main/INFO] [GradleStart]:   sound/dig/sand1.ogg: NEW 
[11:59:37] [main/INFO] [GradleStart]:   sound/dig/sand2.ogg: NEW 
[11:59:37] [main/INFO] [GradleStart]:   sound/dig/sand3.ogg: NEW 
[11:59:37] [main/INFO] [GradleStart]:   sound/dig/sand4.ogg: NEW 
[11:59:37] [main/INFO] [GradleStart]:   sound/dig/snow1.ogg: NEW 
[11:59:37] [main/INFO] [GradleStart]:   sound/dig/snow2.ogg: NEW 
[11:59:37] [main/INFO] [GradleStart]:   sound/dig/snow3.ogg: NEW 
[11:59:37] [main/INFO] [GradleStart]:   sound/dig/snow4.ogg: NEW 
[11:59:37] [main/INFO] [GradleStart]:   sound/dig/stone1.ogg: NEW 
[11:59:37] [main/INFO] [GradleStart]:   sound/dig/stone2.ogg: NEW 
[11:59:37] [main/INFO] [GradleStart]:   sound/dig/stone3.ogg: NEW 
[11:59:37] [main/INFO] [GradleStart]:   sound/dig/stone4.ogg: NEW 
[11:59:37] [main/INFO] [GradleStart]:   sound/dig/wood1.ogg: NEW 
[11:59:37] [main/INFO] [GradleStart]:   sound/dig/wood2.ogg: NEW 
[11:59:37] [main/INFO] [GradleStart]:   sound/dig/wood3.ogg: NEW 
[11:59:37] [main/INFO] [GradleStart]:   sound/dig/wood4.ogg: NEW 
[11:59:37] [main/INFO] [GradleStart]:   sound/fire/fire.ogg: NEW 
[11:59:37] [main/INFO] [GradleStart]:   sound/fire/ignite.ogg: NEW 
[11:59:37] [main/INFO] [GradleStart]:   sound/fireworks/blast1.ogg: NEW 
[11:59:37] [main/INFO] [GradleStart]:   sound/fireworks/blast_far1.ogg: NEW 
[11:59:37] [main/INFO] [GradleStart]:   sound/fireworks/largeBlast1.ogg: NEW 
[11:59:37] [main/INFO] [GradleStart]:   sound/fireworks/largeBlast_far1.ogg: NEW 
[11:59:37] [main/INFO] [GradleStart]:   sound/fireworks/launch1.ogg: NEW 
[11:59:37] [main/INFO] [GradleStart]:   sound/fireworks/twinkle1.ogg: NEW 
[11:59:37] [main/INFO] [GradleStart]:   sound/fireworks/twinkle_far1.ogg: NEW 
[11:59:37] [main/INFO] [GradleStart]:   sound/liquid/lava.ogg: NEW 
[11:59:37] [main/INFO] [GradleStart]:   sound/liquid/lavapop.ogg: NEW 
[11:59:37] [main/INFO] [GradleStart]:   sound/liquid/splash.ogg: NEW 
[11:59:37] [main/INFO] [GradleStart]:   sound/liquid/splash2.ogg: NEW 
[11:59:37] [main/INFO] [GradleStart]:   sound/liquid/swim1.ogg: NEW 
[11:59:37] [main/INFO] [GradleStart]:   sound/liquid/swim2.ogg: NEW 
[11:59:37] [main/INFO] [GradleStart]:   sound/liquid/swim3.ogg: NEW 
[11:59:37] [main/INFO] [GradleStart]:   sound/liquid/swim4.ogg: NEW 
[11:59:37] [main/INFO] [GradleStart]:   sound/liquid/water.ogg: NEW 
[11:59:37] [main/INFO] [GradleStart]:   sound/minecart/base.ogg: NEW 
[11:59:37] [main/INFO] [GradleStart]:   sound/minecart/inside.ogg: NEW 
[11:59:37] [main/INFO] [GradleStart]:   sound/mob/bat/death.ogg: NEW 
[11:59:37] [main/INFO] [GradleStart]:   sound/mob/bat/hurt1.ogg: NEW 
[11:59:37] [main/INFO] [GradleStart]:   sound/mob/bat/hurt2.ogg: NEW 
[11:59:37] [main/INFO] [GradleStart]:   sound/mob/bat/hurt3.ogg: NEW 
[11:59:37] [main/INFO] [GradleStart]:   sound/mob/bat/hurt4.ogg: NEW 
[11:59:37] [main/INFO] [GradleStart]:   sound/mob/bat/idle1.ogg: NEW 
[11:59:37] [main/INFO] [GradleStart]:   sound/mob/bat/idle2.ogg: NEW 
[11:59:37] [main/INFO] [GradleStart]:   sound/mob/bat/idle3.ogg: NEW 
[11:59:37] [main/INFO] [GradleStart]:   sound/mob/bat/idle4.ogg: NEW 
[11:59:37] [main/INFO] [GradleStart]:   sound/mob/bat/loop.ogg: NEW 
[11:59:37] [main/INFO] [GradleStart]:   sound/mob/bat/takeoff.ogg: NEW 
[11:59:37] [main/INFO] [GradleStart]:   sound/mob/blaze/breathe1.ogg: NEW 
[11:59:37] [main/INFO] [GradleStart]:   sound/mob/blaze/breathe2.ogg: NEW 
[11:59:37] [main/INFO] [GradleStart]:   sound/mob/blaze/breathe3.ogg: NEW 
[11:59:37] [main/INFO] [GradleStart]:   sound/mob/blaze/breathe4.ogg: NEW 
[11:59:37] [main/INFO] [GradleStart]:   sound/mob/blaze/death.ogg: NEW 
[11:59:37] [main/INFO] [GradleStart]:   sound/mob/blaze/hit1.ogg: NEW 
[11:59:37] [main/INFO] [GradleStart]:   sound/mob/blaze/hit2.ogg: NEW 
[11:59:37] [main/INFO] [GradleStart]:   sound/mob/blaze/hit3.ogg: NEW 
[11:59:37] [main/INFO] [GradleStart]:   sound/mob/blaze/hit4.ogg: NEW 
[11:59:37] [main/INFO] [GradleStart]:   sound/mob/cat/hiss1.ogg: NEW 
[11:59:37] [main/INFO] [GradleStart]:   sound/mob/cat/hiss2.ogg: NEW 
[11:59:37] [main/INFO] [GradleStart]:   sound/mob/cat/hiss3.ogg: NEW 
[11:59:37] [main/INFO] [GradleStart]:   sound/mob/cat/hitt1.ogg: NEW 
[11:59:37] [main/INFO] [GradleStart]:   sound/mob/cat/hitt2.ogg: NEW 
[11:59:37] [main/INFO] [GradleStart]:   sound/mob/cat/hitt3.ogg: NEW 
[11:59:37] [main/INFO] [GradleStart]:   sound/mob/cat/meow1.ogg: NEW 
[11:59:37] [main/INFO] [GradleStart]:   sound/mob/cat/meow2.ogg: NEW 
[11:59:37] [main/INFO] [GradleStart]:   sound/mob/cat/meow3.ogg: NEW 
[11:59:37] [main/INFO] [GradleStart]:   sound/mob/cat/meow4.ogg: NEW 
[11:59:37] [main/INFO] [GradleStart]:   sound/mob/cat/purr1.ogg: NEW 
[11:59:37] [main/INFO] [GradleStart]:   sound/mob/cat/purr2.ogg: NEW 
[11:59:37] [main/INFO] [GradleStart]:   sound/mob/cat/purr3.ogg: NEW 
[11:59:37] [main/INFO] [GradleStart]:   sound/mob/cat/purreow1.ogg: NEW 
[11:59:37] [main/INFO] [GradleStart]:   sound/mob/cat/purreow2.ogg: NEW 
[11:59:37] [main/INFO] [GradleStart]:   sound/mob/chicken/hurt1.ogg: NEW 
[11:59:37] [main/INFO] [GradleStart]:   sound/mob/chicken/hurt2.ogg: NEW 
[11:59:37] [main/INFO] [GradleStart]:   sound/mob/chicken/plop.ogg: NEW 
[11:59:37] [main/INFO] [GradleStart]:   sound/mob/chicken/say1.ogg: NEW 
[11:59:37] [main/INFO] [GradleStart]:   sound/mob/chicken/say2.ogg: NEW 
[11:59:37] [main/INFO] [GradleStart]:   sound/mob/chicken/say3.ogg: NEW 
[11:59:37] [main/INFO] [GradleStart]:   sound/mob/chicken/step1.ogg: NEW 
[11:59:37] [main/INFO] [GradleStart]:   sound/mob/chicken/step2.ogg: NEW 
[11:59:37] [main/INFO] [GradleStart]:   sound/mob/cow/hurt1.ogg: NEW 
[11:59:37] [main/INFO] [GradleStart]:   sound/mob/cow/hurt2.ogg: NEW 
[11:59:37] [main/INFO] [GradleStart]:   sound/mob/cow/hurt3.ogg: NEW 
[11:59:37] [main/INFO] [GradleStart]:   sound/mob/cow/say1.ogg: NEW 
[11:59:37] [main/INFO] [GradleStart]:   sound/mob/cow/say2.ogg: NEW 
[11:59:37] [main/INFO] [GradleStart]:   sound/mob/cow/say3.ogg: NEW 
[11:59:37] [main/INFO] [GradleStart]:   sound/mob/cow/say4.ogg: NEW 
[11:59:37] [main/INFO] [GradleStart]:   sound/mob/cow/step1.ogg: NEW 
[11:59:37] [main/INFO] [GradleStart]:   sound/mob/cow/step2.ogg: NEW 
[11:59:37] [main/INFO] [GradleStart]:   sound/mob/cow/step3.ogg: NEW 
[11:59:37] [main/INFO] [GradleStart]:   sound/mob/cow/step4.ogg: NEW 
[11:59:37] [main/INFO] [GradleStart]:   sound/mob/creeper/death.ogg: NEW 
[11:59:37] [main/INFO] [GradleStart]:   sound/mob/creeper/say1.ogg: NEW 
[11:59:37] [main/INFO] [GradleStart]:   sound/mob/creeper/say2.ogg: NEW 
[11:59:37] [main/INFO] [GradleStart]:   sound/mob/creeper/say3.ogg: NEW 
[11:59:37] [main/INFO] [GradleStart]:   sound/mob/creeper/say4.ogg: NEW 
[11:59:37] [main/INFO] [GradleStart]:   sound/mob/enderdragon/end.ogg: NEW 
[11:59:38] [main/INFO] [GradleStart]:   sound/mob/enderdragon/growl1.ogg: NEW 
[11:59:38] [main/INFO] [GradleStart]:   sound/mob/enderdragon/growl2.ogg: NEW 
[11:59:38] [main/INFO] [GradleStart]:   sound/mob/enderdragon/growl3.ogg: NEW 
[11:59:38] [main/INFO] [GradleStart]:   sound/mob/enderdragon/growl4.ogg: NEW 
[11:59:38] [main/INFO] [GradleStart]:   sound/mob/enderdragon/hit1.ogg: NEW 
[11:59:38] [main/INFO] [GradleStart]:   sound/mob/enderdragon/hit2.ogg: NEW 
[11:59:38] [main/INFO] [GradleStart]:   sound/mob/enderdragon/hit3.ogg: NEW 
[11:59:38] [main/INFO] [GradleStart]:   sound/mob/enderdragon/hit4.ogg: NEW 
[11:59:38] [main/INFO] [GradleStart]:   sound/mob/enderdragon/wings1.ogg: NEW 
[11:59:38] [main/INFO] [GradleStart]:   sound/mob/enderdragon/wings2.ogg: NEW 
[11:59:38] [main/INFO] [GradleStart]:   sound/mob/enderdragon/wings3.ogg: NEW 
[11:59:38] [main/INFO] [GradleStart]:   sound/mob/enderdragon/wings4.ogg: NEW 
[11:59:38] [main/INFO] [GradleStart]:   sound/mob/enderdragon/wings5.ogg: NEW 
[11:59:38] [main/INFO] [GradleStart]:   sound/mob/enderdragon/wings6.ogg: NEW 
[11:59:38] [main/INFO] [GradleStart]:   sound/mob/endermen/death.ogg: NEW 
[11:59:38] [main/INFO] [GradleStart]:   sound/mob/endermen/hit1.ogg: NEW 
[11:59:38] [main/INFO] [GradleStart]:   sound/mob/endermen/hit2.ogg: NEW 
[11:59:38] [main/INFO] [GradleStart]:   sound/mob/endermen/hit3.ogg: NEW 
[11:59:38] [main/INFO] [GradleStart]:   sound/mob/endermen/hit4.ogg: NEW 
[11:59:38] [main/INFO] [GradleStart]:   sound/mob/endermen/idle1.ogg: NEW 
[11:59:38] [main/INFO] [GradleStart]:   sound/mob/endermen/idle2.ogg: NEW 
[11:59:38] [main/INFO] [GradleStart]:   sound/mob/endermen/idle3.ogg: NEW 
[11:59:38] [main/INFO] [GradleStart]:   sound/mob/endermen/idle4.ogg: NEW 
[11:59:38] [main/INFO] [GradleStart]:   sound/mob/endermen/idle5.ogg: NEW 
[11:59:38] [main/INFO] [GradleStart]:   sound/mob/endermen/portal.ogg: NEW 
[11:59:38] [main/INFO] [GradleStart]:   sound/mob/endermen/portal2.ogg: NEW 
[11:59:38] [main/INFO] [GradleStart]:   sound/mob/endermen/scream1.ogg: NEW 
[11:59:38] [main/INFO] [GradleStart]:   sound/mob/endermen/scream2.ogg: NEW 
[11:59:38] [main/INFO] [GradleStart]:   sound/mob/endermen/scream3.ogg: NEW 
[11:59:38] [main/INFO] [GradleStart]:   sound/mob/endermen/scream4.ogg: NEW 
[11:59:38] [main/INFO] [GradleStart]:   sound/mob/endermen/stare.ogg: NEW 
[11:59:38] [main/INFO] [GradleStart]:   sound/mob/ghast/affectionate_scream.ogg: NEW 
[11:59:38] [main/INFO] [GradleStart]:   sound/mob/ghast/charge.ogg: NEW 
[11:59:38] [main/INFO] [GradleStart]:   sound/mob/ghast/death.ogg: NEW 
[11:59:38] [main/INFO] [GradleStart]:   sound/mob/ghast/fireball4.ogg: NEW 
[11:59:38] [main/INFO] [GradleStart]:   sound/mob/ghast/moan1.ogg: NEW 
[11:59:38] [main/INFO] [GradleStart]:   sound/mob/ghast/moan2.ogg: NEW 
[11:59:38] [main/INFO] [GradleStart]:   sound/mob/ghast/moan3.ogg: NEW 
[11:59:38] [main/INFO] [GradleStart]:   sound/mob/ghast/moan4.ogg: NEW 
[11:59:38] [main/INFO] [GradleStart]:   sound/mob/ghast/moan5.ogg: NEW 
[11:59:38] [main/INFO] [GradleStart]:   sound/mob/ghast/moan6.ogg: NEW 
[11:59:38] [main/INFO] [GradleStart]:   sound/mob/ghast/moan7.ogg: NEW 
[11:59:38] [main/INFO] [GradleStart]:   sound/mob/ghast/scream1.ogg: NEW 
[11:59:38] [main/INFO] [GradleStart]:   sound/mob/ghast/scream2.ogg: NEW 
[11:59:38] [main/INFO] [GradleStart]:   sound/mob/ghast/scream3.ogg: NEW 
[11:59:38] [main/INFO] [GradleStart]:   sound/mob/ghast/scream4.ogg: NEW 
[11:59:38] [main/INFO] [GradleStart]:   sound/mob/ghast/scream5.ogg: NEW 
[11:59:38] [main/INFO] [GradleStart]:   sound/mob/horse/angry1.ogg: NEW 
[11:59:38] [main/INFO] [GradleStart]:   sound/mob/horse/armor.ogg: NEW 
[11:59:38] [main/INFO] [GradleStart]:   sound/mob/horse/breathe1.ogg: NEW 
[11:59:38] [main/INFO] [GradleStart]:   sound/mob/horse/breathe2.ogg: NEW 
[11:59:38] [main/INFO] [GradleStart]:   sound/mob/horse/breathe3.ogg: NEW 
[11:59:38] [main/INFO] [GradleStart]:   sound/mob/horse/death.ogg: NEW 
[11:59:38] [main/INFO] [GradleStart]:   sound/mob/horse/donkey/angry1.ogg: NEW 
[11:59:38] [main/INFO] [GradleStart]:   sound/mob/horse/donkey/angry2.ogg: NEW 
[11:59:38] [main/INFO] [GradleStart]:   sound/mob/horse/donkey/death.ogg: NEW 
[11:59:38] [main/INFO] [GradleStart]:   sound/mob/horse/donkey/hit1.ogg: NEW 
[11:59:38] [main/INFO] [GradleStart]:   sound/mob/horse/donkey/hit2.ogg: NEW 
[11:59:38] [main/INFO] [GradleStart]:   sound/mob/horse/donkey/hit3.ogg: NEW 
[11:59:38] [main/INFO] [GradleStart]:   sound/mob/horse/donkey/idle1.ogg: NEW 
[11:59:38] [main/INFO] [GradleStart]:   sound/mob/horse/donkey/idle2.ogg: NEW 
[11:59:38] [main/INFO] [GradleStart]:   sound/mob/horse/donkey/idle3.ogg: NEW 
[11:59:38] [main/INFO] [GradleStart]:   sound/mob/horse/gallop1.ogg: NEW 
[11:59:38] [main/INFO] [GradleStart]:   sound/mob/horse/gallop2.ogg: NEW 
[11:59:38] [main/INFO] [GradleStart]:   sound/mob/horse/gallop3.ogg: NEW 
[11:59:38] [main/INFO] [GradleStart]:   sound/mob/horse/gallop4.ogg: NEW 
[11:59:38] [main/INFO] [GradleStart]:   sound/mob/horse/hit1.ogg: NEW 
[11:59:38] [main/INFO] [GradleStart]:   sound/mob/horse/hit2.ogg: NEW 
[11:59:38] [main/INFO] [GradleStart]:   sound/mob/horse/hit3.ogg: NEW 
[11:59:38] [main/INFO] [GradleStart]:   sound/mob/horse/hit4.ogg: NEW 
[11:59:38] [main/INFO] [GradleStart]:   sound/mob/horse/idle1.ogg: NEW 
[11:59:38] [main/INFO] [GradleStart]:   sound/mob/horse/idle2.ogg: NEW 
[11:59:38] [main/INFO] [GradleStart]:   sound/mob/horse/idle3.ogg: NEW 
[11:59:38] [main/INFO] [GradleStart]:   sound/mob/horse/jump.ogg: NEW 
[11:59:38] [main/INFO] [GradleStart]:   sound/mob/horse/land.ogg: NEW 
[11:59:38] [main/INFO] [GradleStart]:   sound/mob/horse/leather.ogg: NEW 
[11:59:38] [main/INFO] [GradleStart]:   sound/mob/horse/skeleton/death.ogg: NEW 
[11:59:38] [main/INFO] [GradleStart]:   sound/mob/horse/skeleton/hit1.ogg: NEW 
[11:59:38] [main/INFO] [GradleStart]:   sound/mob/horse/skeleton/hit2.ogg: NEW 
[11:59:38] [main/INFO] [GradleStart]:   sound/mob/horse/skeleton/hit3.ogg: NEW 
[11:59:38] [main/INFO] [GradleStart]:   sound/mob/horse/skeleton/hit4.ogg: NEW 
[11:59:38] [main/INFO] [GradleStart]:   sound/mob/horse/skeleton/idle1.ogg: NEW 
[11:59:38] [main/INFO] [GradleStart]:   sound/mob/horse/skeleton/idle2.ogg: NEW 
[11:59:39] [main/INFO] [GradleStart]:   sound/mob/horse/skeleton/idle3.ogg: NEW 
[11:59:39] [main/INFO] [GradleStart]:   sound/mob/horse/soft1.ogg: NEW 
[11:59:39] [main/INFO] [GradleStart]:   sound/mob/horse/soft2.ogg: NEW 
[11:59:39] [main/INFO] [GradleStart]:   sound/mob/horse/soft3.ogg: NEW 
[11:59:39] [main/INFO] [GradleStart]:   sound/mob/horse/soft4.ogg: NEW 
[11:59:39] [main/INFO] [GradleStart]:   sound/mob/horse/soft5.ogg: NEW 
[11:59:39] [main/INFO] [GradleStart]:   sound/mob/horse/soft6.ogg: NEW 
[11:59:39] [main/INFO] [GradleStart]:   sound/mob/horse/wood1.ogg: NEW 
[11:59:39] [main/INFO] [GradleStart]:   sound/mob/horse/wood2.ogg: NEW 
[11:59:39] [main/INFO] [GradleStart]:   sound/mob/horse/wood3.ogg: NEW 
[11:59:39] [main/INFO] [GradleStart]:   sound/mob/horse/wood4.ogg: NEW 
[11:59:39] [main/INFO] [GradleStart]:   sound/mob/horse/wood5.ogg: NEW 
[11:59:39] [main/INFO] [GradleStart]:   sound/mob/horse/wood6.ogg: NEW 
[11:59:39] [main/INFO] [GradleStart]:   sound/mob/horse/zombie/death.ogg: NEW 
[11:59:39] [main/INFO] [GradleStart]:   sound/mob/horse/zombie/hit1.ogg: NEW 
[11:59:39] [main/INFO] [GradleStart]:   sound/mob/horse/zombie/hit2.ogg: NEW 
[11:59:39] [main/INFO] [GradleStart]:   sound/mob/horse/zombie/hit3.ogg: NEW 
[11:59:39] [main/INFO] [GradleStart]:   sound/mob/horse/zombie/hit4.ogg: NEW 
[11:59:39] [main/INFO] [GradleStart]:   sound/mob/horse/zombie/idle1.ogg: NEW 
[11:59:39] [main/INFO] [GradleStart]:   sound/mob/horse/zombie/idle2.ogg: NEW 
[11:59:39] [main/INFO] [GradleStart]:   sound/mob/horse/zombie/idle3.ogg: NEW 
[11:59:39] [main/INFO] [GradleStart]:   sound/mob/irongolem/death.ogg: NEW 
[11:59:39] [main/INFO] [GradleStart]:   sound/mob/irongolem/hit1.ogg: NEW 
[11:59:39] [main/INFO] [GradleStart]:   sound/mob/irongolem/hit2.ogg: NEW 
[11:59:39] [main/INFO] [GradleStart]:   sound/mob/irongolem/hit3.ogg: NEW 
[11:59:39] [main/INFO] [GradleStart]:   sound/mob/irongolem/hit4.ogg: NEW 
[11:59:39] [main/INFO] [GradleStart]:   sound/mob/irongolem/throw.ogg: NEW 
[11:59:39] [main/INFO] [GradleStart]:   sound/mob/irongolem/walk1.ogg: NEW 
[11:59:39] [main/INFO] [GradleStart]:   sound/mob/irongolem/walk2.ogg: NEW 
[11:59:39] [main/INFO] [GradleStart]:   sound/mob/irongolem/walk3.ogg: NEW 
[11:59:39] [main/INFO] [GradleStart]:   sound/mob/irongolem/walk4.ogg: NEW 
[11:59:39] [main/INFO] [GradleStart]:   sound/mob/magmacube/big1.ogg: NEW 
[11:59:39] [main/INFO] [GradleStart]:   sound/mob/magmacube/big2.ogg: NEW 
[11:59:39] [main/INFO] [GradleStart]:   sound/mob/magmacube/big3.ogg: NEW 
[11:59:39] [main/INFO] [GradleStart]:   sound/mob/magmacube/big4.ogg: NEW 
[11:59:39] [main/INFO] [GradleStart]:   sound/mob/magmacube/jump1.ogg: NEW 
[11:59:39] [main/INFO] [GradleStart]:   sound/mob/magmacube/jump2.ogg: NEW 
[11:59:39] [main/INFO] [GradleStart]:   sound/mob/magmacube/jump3.ogg: NEW 
[11:59:39] [main/INFO] [GradleStart]:   sound/mob/magmacube/jump4.ogg: NEW 
[11:59:39] [main/INFO] [GradleStart]:   sound/mob/magmacube/small1.ogg: NEW 
[11:59:39] [main/INFO] [GradleStart]:   sound/mob/magmacube/small2.ogg: NEW 
[11:59:39] [main/INFO] [GradleStart]:   sound/mob/magmacube/small3.ogg: NEW 
[11:59:39] [main/INFO] [GradleStart]:   sound/mob/magmacube/small4.ogg: NEW 
[11:59:39] [main/INFO] [GradleStart]:   sound/mob/magmacube/small5.ogg: NEW 
[11:59:39] [main/INFO] [GradleStart]:   sound/mob/pig/death.ogg: NEW 
[11:59:39] [main/INFO] [GradleStart]:   sound/mob/pig/say1.ogg: NEW 
[11:59:39] [main/INFO] [GradleStart]:   sound/mob/pig/say2.ogg: NEW 
[11:59:39] [main/INFO] [GradleStart]:   sound/mob/pig/say3.ogg: NEW 
[11:59:39] [main/INFO] [GradleStart]:   sound/mob/pig/step1.ogg: NEW 
[11:59:39] [main/INFO] [GradleStart]:   sound/mob/pig/step2.ogg: NEW 
[11:59:39] [main/INFO] [GradleStart]:   sound/mob/pig/step3.ogg: NEW 
[11:59:39] [main/INFO] [GradleStart]:   sound/mob/pig/step4.ogg: NEW 
[11:59:39] [main/INFO] [GradleStart]:   sound/mob/pig/step5.ogg: NEW 
[11:59:39] [main/INFO] [GradleStart]:   sound/mob/sheep/say1.ogg: NEW 
[11:59:39] [main/INFO] [GradleStart]:   sound/mob/sheep/say2.ogg: NEW 
[11:59:39] [main/INFO] [GradleStart]:   sound/mob/sheep/say3.ogg: NEW 
[11:59:39] [main/INFO] [GradleStart]:   sound/mob/sheep/shear.ogg: NEW 
[11:59:39] [main/INFO] [GradleStart]:   sound/mob/sheep/step1.ogg: NEW 
[11:59:39] [main/INFO] [GradleStart]:   sound/mob/sheep/step2.ogg: NEW 
[11:59:39] [main/INFO] [GradleStart]:   sound/mob/sheep/step3.ogg: NEW 
[11:59:39] [main/INFO] [GradleStart]:   sound/mob/sheep/step4.ogg: NEW 
[11:59:39] [main/INFO] [GradleStart]:   sound/mob/sheep/step5.ogg: NEW 
[11:59:39] [main/INFO] [GradleStart]:   sound/mob/silverfish/hit1.ogg: NEW 
[11:59:39] [main/INFO] [GradleStart]:   sound/mob/silverfish/hit2.ogg: NEW 
[11:59:39] [main/INFO] [GradleStart]:   sound/mob/silverfish/hit3.ogg: NEW 
[11:59:39] [main/INFO] [GradleStart]:   sound/mob/silverfish/kill.ogg: NEW 
[11:59:39] [main/INFO] [GradleStart]:   sound/mob/silverfish/say1.ogg: NEW 
[11:59:39] [main/INFO] [GradleStart]:   sound/mob/silverfish/say2.ogg: NEW 
[11:59:39] [main/INFO] [GradleStart]:   sound/mob/silverfish/say3.ogg: NEW 
[11:59:39] [main/INFO] [GradleStart]:   sound/mob/silverfish/say4.ogg: NEW 
[11:59:39] [main/INFO] [GradleStart]:   sound/mob/silverfish/step1.ogg: NEW 
[11:59:39] [main/INFO] [GradleStart]:   sound/mob/silverfish/step2.ogg: NEW 
[11:59:39] [main/INFO] [GradleStart]:   sound/mob/silverfish/step3.ogg: NEW 
[11:59:39] [main/INFO] [GradleStart]:   sound/mob/silverfish/step4.ogg: NEW 
[11:59:39] [main/INFO] [GradleStart]:   sound/mob/skeleton/death.ogg: NEW 
[11:59:39] [main/INFO] [GradleStart]:   sound/mob/skeleton/hurt1.ogg: NEW 
[11:59:39] [main/INFO] [GradleStart]:   sound/mob/skeleton/hurt2.ogg: NEW 
[11:59:39] [main/INFO] [GradleStart]:   sound/mob/skeleton/hurt3.ogg: NEW 
[11:59:39] [main/INFO] [GradleStart]:   sound/mob/skeleton/hurt4.ogg: NEW 
[11:59:39] [main/INFO] [GradleStart]:   sound/mob/skeleton/say1.ogg: NEW 
[11:59:39] [main/INFO] [GradleStart]:   sound/mob/skeleton/say2.ogg: NEW 
[11:59:39] [main/INFO] [GradleStart]:   sound/mob/skeleton/say3.ogg: NEW 
[11:59:39] [main/INFO] [GradleStart]:   sound/mob/skeleton/step1.ogg: NEW 
[11:59:39] [main/INFO] [GradleStart]:   sound/mob/skeleton/step2.ogg: NEW 
[11:59:39] [main/INFO] [GradleStart]:   sound/mob/skeleton/step3.ogg: NEW 
[11:59:39] [main/INFO] [GradleStart]:   sound/mob/skeleton/step4.ogg: NEW 
[11:59:39] [main/INFO] [GradleStart]:   sound/mob/slime/attack1.ogg: NEW 
[11:59:39] [main/INFO] [GradleStart]:   sound/mob/slime/attack2.ogg: NEW 
[11:59:39] [main/INFO] [GradleStart]:   sound/mob/slime/big1.ogg: NEW 
[11:59:39] [main/INFO] [GradleStart]:   sound/mob/slime/big2.ogg: NEW 
[11:59:39] [main/INFO] [GradleStart]:   sound/mob/slime/big3.ogg: NEW 
[11:59:39] [main/INFO] [GradleStart]:   sound/mob/slime/big4.ogg: NEW 
[11:59:39] [main/INFO] [GradleStart]:   sound/mob/slime/small1.ogg: NEW 
[11:59:39] [main/INFO] [GradleStart]:   sound/mob/slime/small2.ogg: NEW 
[11:59:39] [main/INFO] [GradleStart]:   sound/mob/slime/small3.ogg: NEW 
[11:59:39] [main/INFO] [GradleStart]:   sound/mob/slime/small4.ogg: NEW 
[11:59:39] [main/INFO] [GradleStart]:   sound/mob/slime/small5.ogg: NEW 
[11:59:39] [main/INFO] [GradleStart]:   sound/mob/spider/death.ogg: NEW 
[11:59:39] [main/INFO] [GradleStart]:   sound/mob/spider/say1.ogg: NEW 
[11:59:39] [main/INFO] [GradleStart]:   sound/mob/spider/say2.ogg: NEW 
[11:59:39] [main/INFO] [GradleStart]:   sound/mob/spider/say3.ogg: NEW 
[11:59:39] [main/INFO] [GradleStart]:   sound/mob/spider/say4.ogg: NEW 
[11:59:39] [main/INFO] [GradleStart]:   sound/mob/spider/step1.ogg: NEW 
[11:59:39] [main/INFO] [GradleStart]:   sound/mob/spider/step2.ogg: NEW 
[11:59:39] [main/INFO] [GradleStart]:   sound/mob/spider/step3.ogg: NEW 
[11:59:39] [main/INFO] [GradleStart]:   sound/mob/spider/step4.ogg: NEW 
[11:59:39] [main/INFO] [GradleStart]:   sound/mob/villager/death.ogg: NEW 
[11:59:39] [main/INFO] [GradleStart]:   sound/mob/villager/haggle1.ogg: NEW 
[11:59:39] [main/INFO] [GradleStart]:   sound/mob/villager/haggle2.ogg: NEW 
[11:59:39] [main/INFO] [GradleStart]:   sound/mob/villager/haggle3.ogg: NEW 
[11:59:39] [main/INFO] [GradleStart]:   sound/mob/villager/hit1.ogg: NEW 
[11:59:39] [main/INFO] [GradleStart]:   sound/mob/villager/hit2.ogg: NEW 
[11:59:39] [main/INFO] [GradleStart]:   sound/mob/villager/hit3.ogg: NEW 
[11:59:39] [main/INFO] [GradleStart]:   sound/mob/villager/hit4.ogg: NEW 
[11:59:39] [main/INFO] [GradleStart]:   sound/mob/villager/idle1.ogg: NEW 
[11:59:39] [main/INFO] [GradleStart]:   sound/mob/villager/idle2.ogg: NEW 
[11:59:39] [main/INFO] [GradleStart]:   sound/mob/villager/idle3.ogg: NEW 
[11:59:39] [main/INFO] [GradleStart]:   sound/mob/villager/no1.ogg: NEW 
[11:59:39] [main/INFO] [GradleStart]:   sound/mob/villager/no2.ogg: NEW 
[11:59:39] [main/INFO] [GradleStart]:   sound/mob/villager/no3.ogg: NEW 
[11:59:39] [main/INFO] [GradleStart]:   sound/mob/villager/yes1.ogg: NEW 
[11:59:39] [main/INFO] [GradleStart]:   sound/mob/villager/yes2.ogg: NEW 
[11:59:39] [main/INFO] [GradleStart]:   sound/mob/villager/yes3.ogg: NEW 
[11:59:39] [main/INFO] [GradleStart]:   sound/mob/wither/death.ogg: NEW 
[11:59:39] [main/INFO] [GradleStart]:   sound/mob/wither/hurt1.ogg: NEW 
[11:59:39] [main/INFO] [GradleStart]:   sound/mob/wither/hurt2.ogg: NEW 
[11:59:39] [main/INFO] [GradleStart]:   sound/mob/wither/hurt3.ogg: NEW 
[11:59:39] [main/INFO] [GradleStart]:   sound/mob/wither/hurt4.ogg: NEW 
[11:59:39] [main/INFO] [GradleStart]:   sound/mob/wither/idle1.ogg: NEW 
[11:59:39] [main/INFO] [GradleStart]:   sound/mob/wither/idle2.ogg: NEW 
[11:59:39] [main/INFO] [GradleStart]:   sound/mob/wither/idle3.ogg: NEW 
[11:59:39] [main/INFO] [GradleStart]:   sound/mob/wither/idle4.ogg: NEW 
[11:59:39] [main/INFO] [GradleStart]:   sound/mob/wither/shoot.ogg: NEW 
[11:59:39] [main/INFO] [GradleStart]:   sound/mob/wither/spawn.ogg: NEW 
[11:59:39] [main/INFO] [GradleStart]:   sound/mob/wolf/bark1.ogg: NEW 
[11:59:39] [main/INFO] [GradleStart]:   sound/mob/wolf/bark2.ogg: NEW 
[11:59:39] [main/INFO] [GradleStart]:   sound/mob/wolf/bark3.ogg: NEW 
[11:59:39] [main/INFO] [GradleStart]:   sound/mob/wolf/death.ogg: NEW 
[11:59:39] [main/INFO] [GradleStart]:   sound/mob/wolf/growl1.ogg: NEW 
[11:59:39] [main/INFO] [GradleStart]:   sound/mob/wolf/growl2.ogg: NEW 
[11:59:39] [main/INFO] [GradleStart]:   sound/mob/wolf/growl3.ogg: NEW 
[11:59:39] [main/INFO] [GradleStart]:   sound/mob/wolf/howl1.ogg: NEW 
[11:59:39] [main/INFO] [GradleStart]:   sound/mob/wolf/howl2.ogg: NEW 
[11:59:39] [main/INFO] [GradleStart]:   sound/mob/wolf/hurt1.ogg: NEW 
[11:59:39] [main/INFO] [GradleStart]:   sound/mob/wolf/hurt2.ogg: NEW 
[11:59:39] [main/INFO] [GradleStart]:   sound/mob/wolf/hurt3.ogg: NEW 
[11:59:39] [main/INFO] [GradleStart]:   sound/mob/wolf/panting.ogg: NEW 
[11:59:39] [main/INFO] [GradleStart]:   sound/mob/wolf/shake.ogg: NEW 
[11:59:39] [main/INFO] [GradleStart]:   sound/mob/wolf/step1.ogg: NEW 
[11:59:39] [main/INFO] [GradleStart]:   sound/mob/wolf/step2.ogg: NEW 
[11:59:39] [main/INFO] [GradleStart]:   sound/mob/wolf/step3.ogg: NEW 
[11:59:39] [main/INFO] [GradleStart]:   sound/mob/wolf/step4.ogg: NEW 
[11:59:39] [main/INFO] [GradleStart]:   sound/mob/wolf/step5.ogg: NEW 
[11:59:39] [main/INFO] [GradleStart]:   sound/mob/wolf/whine.ogg: NEW 
[11:59:39] [main/INFO] [GradleStart]:   sound/mob/zombie/death.ogg: NEW 
[11:59:39] [main/INFO] [GradleStart]:   sound/mob/zombie/hurt1.ogg: NEW 
[11:59:39] [main/INFO] [GradleStart]:   sound/mob/zombie/hurt2.ogg: NEW 
[11:59:39] [main/INFO] [GradleStart]:   sound/mob/zombie/infect.ogg: NEW 
[11:59:39] [main/INFO] [GradleStart]:   sound/mob/zombie/metal1.ogg: NEW 
[11:59:39] [main/INFO] [GradleStart]:   sound/mob/zombie/metal2.ogg: NEW 
[11:59:39] [main/INFO] [GradleStart]:   sound/mob/zombie/metal3.ogg: NEW 
[11:59:39] [main/INFO] [GradleStart]:   sound/mob/zombie/remedy.ogg: NEW 
[11:59:39] [main/INFO] [GradleStart]:   sound/mob/zombie/say1.ogg: NEW 
[11:59:39] [main/INFO] [GradleStart]:   sound/mob/zombie/say2.ogg: NEW 
[11:59:39] [main/INFO] [GradleStart]:   sound/mob/zombie/say3.ogg: NEW 
[11:59:39] [main/INFO] [GradleStart]:   sound/mob/zombie/step1.ogg: NEW 
[11:59:39] [main/INFO] [GradleStart]:   sound/mob/zombie/step2.ogg: NEW 
[11:59:39] [main/INFO] [GradleStart]:   sound/mob/zombie/step3.ogg: NEW 
[11:59:39] [main/INFO] [GradleStart]:   sound/mob/zombie/step4.ogg: NEW 
[11:59:39] [main/INFO] [GradleStart]:   sound/mob/zombie/step5.ogg: NEW 
[11:59:39] [main/INFO] [GradleStart]:   sound/mob/zombie/unfect.ogg: NEW 
[11:59:39] [main/INFO] [GradleStart]:   sound/mob/zombie/wood1.ogg: NEW 
[11:59:39] [main/INFO] [GradleStart]:   sound/mob/zombie/wood2.ogg: NEW 
[11:59:39] [main/INFO] [GradleStart]:   sound/mob/zombie/wood3.ogg: NEW 
[11:59:39] [main/INFO] [GradleStart]:   sound/mob/zombie/wood4.ogg: NEW 
[11:59:39] [main/INFO] [GradleStart]:   sound/mob/zombie/woodbreak.ogg: NEW 
[11:59:39] [main/INFO] [GradleStart]:   sound/mob/zombiepig/zpig1.ogg: NEW 
[11:59:39] [main/INFO] [GradleStart]:   sound/mob/zombiepig/zpig2.ogg: NEW 
[11:59:39] [main/INFO] [GradleStart]:   sound/mob/zombiepig/zpig3.ogg: NEW 
[11:59:39] [main/INFO] [GradleStart]:   sound/mob/zombiepig/zpig4.ogg: NEW 
[11:59:39] [main/INFO] [GradleStart]:   sound/mob/zombiepig/zpigangry1.ogg: NEW 
[11:59:39] [main/INFO] [GradleStart]:   sound/mob/zombiepig/zpigangry2.ogg: NEW 
[11:59:39] [main/INFO] [GradleStart]:   sound/mob/zombiepig/zpigangry3.ogg: NEW 
[11:59:39] [main/INFO] [GradleStart]:   sound/mob/zombiepig/zpigangry4.ogg: NEW 
[11:59:39] [main/INFO] [GradleStart]:   sound/mob/zombiepig/zpigdeath.ogg: NEW 
[11:59:39] [main/INFO] [GradleStart]:   sound/mob/zombiepig/zpighurt1.ogg: NEW 
[11:59:39] [main/INFO] [GradleStart]:   sound/mob/zombiepig/zpighurt2.ogg: NEW 
[11:59:39] [main/INFO] [GradleStart]:   sound/note/bass.ogg: NEW 
[11:59:39] [main/INFO] [GradleStart]:   sound/note/bassattack.ogg: NEW 
[11:59:39] [main/INFO] [GradleStart]:   sound/note/bd.ogg: NEW 
[11:59:39] [main/INFO] [GradleStart]:   sound/note/harp.ogg: NEW 
[11:59:39] [main/INFO] [GradleStart]:   sound/note/hat.ogg: NEW 
[11:59:39] [main/INFO] [GradleStart]:   sound/note/pling.ogg: NEW 
[11:59:39] [main/INFO] [GradleStart]:   sound/note/snare.ogg: NEW 
[11:59:39] [main/INFO] [GradleStart]:   sound/portal/portal.ogg: NEW 
[11:59:39] [main/INFO] [GradleStart]:   sound/portal/travel.ogg: NEW 
[11:59:39] [main/INFO] [GradleStart]:   sound/portal/trigger.ogg: NEW 
[11:59:39] [main/INFO] [GradleStart]:   sound/random/anvil_break.ogg: NEW 
[11:59:39] [main/INFO] [GradleStart]:   sound/random/anvil_land.ogg: NEW 
[11:59:39] [main/INFO] [GradleStart]:   sound/random/anvil_use.ogg: NEW 
[11:59:39] [main/INFO] [GradleStart]:   sound/random/bow.ogg: NEW 
[11:59:39] [main/INFO] [GradleStart]:   sound/random/bowhit1.ogg: NEW 
[11:59:39] [main/INFO] [GradleStart]:   sound/random/bowhit2.ogg: NEW 
[11:59:39] [main/INFO] [GradleStart]:   sound/random/bowhit3.ogg: NEW 
[11:59:39] [main/INFO] [GradleStart]:   sound/random/bowhit4.ogg: NEW 
[11:59:39] [main/INFO] [GradleStart]:   sound/random/break.ogg: NEW 
[11:59:39] [main/INFO] [GradleStart]:   sound/random/breath.ogg: NEW 
[11:59:39] [main/INFO] [GradleStart]:   sound/random/burp.ogg: NEW 
[11:59:39] [main/INFO] [GradleStart]:   sound/random/chestclosed.ogg: NEW 
[11:59:39] [main/INFO] [GradleStart]:   sound/random/chestopen.ogg: NEW 
[11:59:39] [main/INFO] [GradleStart]:   sound/random/classic_hurt.ogg: NEW 
[11:59:39] [main/INFO] [GradleStart]:   sound/random/click.ogg: NEW 
[11:59:39] [main/INFO] [GradleStart]:   sound/random/door_close.ogg: NEW 
[11:59:39] [main/INFO] [GradleStart]:   sound/random/door_open.ogg: NEW 
[11:59:39] [main/INFO] [GradleStart]:   sound/random/drink.ogg: NEW 
[11:59:39] [main/INFO] [GradleStart]:   sound/random/eat1.ogg: NEW 
[11:59:39] [main/INFO] [GradleStart]:   sound/random/eat2.ogg: NEW 
[11:59:39] [main/INFO] [GradleStart]:   sound/random/eat3.ogg: NEW 
[11:59:39] [main/INFO] [GradleStart]:   sound/random/explode1.ogg: NEW 
[11:59:40] [main/INFO] [GradleStart]:   sound/random/explode2.ogg: NEW 
[11:59:40] [main/INFO] [GradleStart]:   sound/random/explode3.ogg: NEW 
[11:59:40] [main/INFO] [GradleStart]:   sound/random/explode4.ogg: NEW 
[11:59:40] [main/INFO] [GradleStart]:   sound/random/fizz.ogg: NEW 
[11:59:40] [main/INFO] [GradleStart]:   sound/random/fuse.ogg: NEW 
[11:59:40] [main/INFO] [GradleStart]:   sound/random/glass1.ogg: NEW 
[11:59:40] [main/INFO] [GradleStart]:   sound/random/glass2.ogg: NEW 
[11:59:40] [main/INFO] [GradleStart]:   sound/random/glass3.ogg: NEW 
[11:59:40] [main/INFO] [GradleStart]:   sound/random/levelup.ogg: NEW 
[11:59:40] [main/INFO] [GradleStart]:   sound/random/orb.ogg: NEW 
[11:59:40] [main/INFO] [GradleStart]:   sound/random/pop.ogg: NEW 
[11:59:40] [main/INFO] [GradleStart]:   sound/random/splash.ogg: NEW 
[11:59:40] [main/INFO] [GradleStart]:   sound/random/successful_hit.ogg: NEW 
[11:59:40] [main/INFO] [GradleStart]:   sound/random/wood_click.ogg: NEW 
[11:59:40] [main/INFO] [GradleStart]:   sound/step/cloth1.ogg: NEW 
[11:59:40] [main/INFO] [GradleStart]:   sound/step/cloth2.ogg: NEW 
[11:59:40] [main/INFO] [GradleStart]:   sound/step/cloth3.ogg: NEW 
[11:59:40] [main/INFO] [GradleStart]:   sound/step/cloth4.ogg: NEW 
[11:59:40] [main/INFO] [GradleStart]:   sound/step/grass1.ogg: NEW 
[11:59:40] [main/INFO] [GradleStart]:   sound/step/grass2.ogg: NEW 
[11:59:40] [main/INFO] [GradleStart]:   sound/step/grass3.ogg: NEW 
[11:59:40] [main/INFO] [GradleStart]:   sound/step/grass4.ogg: NEW 
[11:59:40] [main/INFO] [GradleStart]:   sound/step/grass5.ogg: NEW 
[11:59:40] [main/INFO] [GradleStart]:   sound/step/grass6.ogg: NEW 
[11:59:40] [main/INFO] [GradleStart]:   sound/step/gravel1.ogg: NEW 
[11:59:40] [main/INFO] [GradleStart]:   sound/step/gravel2.ogg: NEW 
[11:59:40] [main/INFO] [GradleStart]:   sound/step/gravel3.ogg: NEW 
[11:59:40] [main/INFO] [GradleStart]:   sound/step/gravel4.ogg: NEW 
[11:59:40] [main/INFO] [GradleStart]:   sound/step/ladder1.ogg: NEW 
[11:59:40] [main/INFO] [GradleStart]:   sound/step/ladder2.ogg: NEW 
[11:59:40] [main/INFO] [GradleStart]:   sound/step/ladder3.ogg: NEW 
[11:59:40] [main/INFO] [GradleStart]:   sound/step/ladder4.ogg: NEW 
[11:59:40] [main/INFO] [GradleStart]:   sound/step/ladder5.ogg: NEW 
[11:59:40] [main/INFO] [GradleStart]:   sound/step/sand1.ogg: NEW 
[11:59:40] [main/INFO] [GradleStart]:   sound/step/sand2.ogg: NEW 
[11:59:40] [main/INFO] [GradleStart]:   sound/step/sand3.ogg: NEW 
[11:59:40] [main/INFO] [GradleStart]:   sound/step/sand4.ogg: NEW 
[11:59:40] [main/INFO] [GradleStart]:   sound/step/sand5.ogg: NEW 
[11:59:40] [main/INFO] [GradleStart]:   sound/step/snow1.ogg: NEW 
[11:59:40] [main/INFO] [GradleStart]:   sound/step/snow2.ogg: NEW 
[11:59:40] [main/INFO] [GradleStart]:   sound/step/snow3.ogg: NEW 
[11:59:40] [main/INFO] [GradleStart]:   sound/step/snow4.ogg: NEW 
[11:59:40] [main/INFO] [GradleStart]:   sound/step/stone1.ogg: NEW 
[11:59:40] [main/INFO] [GradleStart]:   sound/step/stone2.ogg: NEW 
[11:59:40] [main/INFO] [GradleStart]:   sound/step/stone3.ogg: NEW 
[11:59:40] [main/INFO] [GradleStart]:   sound/step/stone4.ogg: NEW 
[11:59:40] [main/INFO] [GradleStart]:   sound/step/stone5.ogg: NEW 
[11:59:40] [main/INFO] [GradleStart]:   sound/step/stone6.ogg: NEW 
[11:59:40] [main/INFO] [GradleStart]:   sound/step/wood1.ogg: NEW 
[11:59:40] [main/INFO] [GradleStart]:   sound/step/wood2.ogg: NEW 
[11:59:40] [main/INFO] [GradleStart]:   sound/step/wood3.ogg: NEW 
[11:59:40] [main/INFO] [GradleStart]:   sound/step/wood4.ogg: NEW 
[11:59:40] [main/INFO] [GradleStart]:   sound/step/wood5.ogg: NEW 
[11:59:40] [main/INFO] [GradleStart]:   sound/step/wood6.ogg: NEW 
[11:59:40] [main/INFO] [GradleStart]:   sound/tile/piston/in.ogg: NEW 
[11:59:40] [main/INFO] [GradleStart]:   sound/tile/piston/out.ogg: NEW 
[11:59:40] [main/INFO] [GradleStart]:   sounds.json: NEW 
[11:59:40] [main/INFO] [GradleStart]:   sounds/ambient/cave/cave1.ogg: NEW 
[11:59:40] [main/INFO] [GradleStart]:   sounds/ambient/cave/cave10.ogg: NEW 
[11:59:40] [main/INFO] [GradleStart]:   sounds/ambient/cave/cave11.ogg: NEW 
[11:59:40] [main/INFO] [GradleStart]:   sounds/ambient/cave/cave12.ogg: NEW 
[11:59:40] [main/INFO] [GradleStart]:   sounds/ambient/cave/cave13.ogg: NEW 
[11:59:40] [main/INFO] [GradleStart]:   sounds/ambient/cave/cave2.ogg: NEW 
[11:59:40] [main/INFO] [GradleStart]:   sounds/ambient/cave/cave3.ogg: NEW 
[11:59:40] [main/INFO] [GradleStart]:   sounds/ambient/cave/cave4.ogg: NEW 
[11:59:40] [main/INFO] [GradleStart]:   sounds/ambient/cave/cave5.ogg: NEW 
[11:59:40] [main/INFO] [GradleStart]:   sounds/ambient/cave/cave6.ogg: NEW 
[11:59:40] [main/INFO] [GradleStart]:   sounds/ambient/cave/cave7.ogg: NEW 
[11:59:40] [main/INFO] [GradleStart]:   sounds/ambient/cave/cave8.ogg: NEW 
[11:59:40] [main/INFO] [GradleStart]:   sounds/ambient/cave/cave9.ogg: NEW 
[11:59:40] [main/INFO] [GradleStart]:   sounds/ambient/weather/rain1.ogg: NEW 
[11:59:40] [main/INFO] [GradleStart]:   sounds/ambient/weather/rain2.ogg: NEW 
[11:59:40] [main/INFO] [GradleStart]:   sounds/ambient/weather/rain3.ogg: NEW 
[11:59:40] [main/INFO] [GradleStart]:   sounds/ambient/weather/rain4.ogg: NEW 
[11:59:40] [main/INFO] [GradleStart]:   sounds/ambient/weather/thunder1.ogg: NEW 
[11:59:40] [main/INFO] [GradleStart]:   sounds/ambient/weather/thunder2.ogg: NEW 
[11:59:40] [main/INFO] [GradleStart]:   sounds/ambient/weather/thunder3.ogg: NEW 
[11:59:40] [main/INFO] [GradleStart]:   sounds/damage/fallbig.ogg: NEW 
[11:59:40] [main/INFO] [GradleStart]:   sounds/damage/fallsmall.ogg: NEW 
[11:59:40] [main/INFO] [GradleStart]:   sounds/damage/hit1.ogg: NEW 
[11:59:40] [main/INFO] [GradleStart]:   sounds/damage/hit2.ogg: NEW 
[11:59:40] [main/INFO] [GradleStart]:   sounds/damage/hit3.ogg: NEW 
[11:59:40] [main/INFO] [GradleStart]:   sounds/dig/cloth1.ogg: NEW 
[11:59:40] [main/INFO] [GradleStart]:   sounds/dig/cloth2.ogg: NEW 
[11:59:40] [main/INFO] [GradleStart]:   sounds/dig/cloth3.ogg: NEW 
[11:59:40] [main/INFO] [GradleStart]:   sounds/dig/cloth4.ogg: NEW 
[11:59:40] [main/INFO] [GradleStart]:   sounds/dig/grass1.ogg: NEW 
[11:59:40] [main/INFO] [GradleStart]:   sounds/dig/grass2.ogg: NEW 
[11:59:40] [main/INFO] [GradleStart]:   sounds/dig/grass3.ogg: NEW 
[11:59:40] [main/INFO] [GradleStart]:   sounds/dig/grass4.ogg: NEW 
[11:59:40] [main/INFO] [GradleStart]:   sounds/dig/gravel1.ogg: NEW 
[11:59:40] [main/INFO] [GradleStart]:   sounds/dig/gravel2.ogg: NEW 
[11:59:40] [main/INFO] [GradleStart]:   sounds/dig/gravel3.ogg: NEW 
[11:59:40] [main/INFO] [GradleStart]:   sounds/dig/gravel4.ogg: NEW 
[11:59:40] [main/INFO] [GradleStart]:   sounds/dig/sand1.ogg: NEW 
[11:59:40] [main/INFO] [GradleStart]:   sounds/dig/sand2.ogg: NEW 
[11:59:40] [main/INFO] [GradleStart]:   sounds/dig/sand3.ogg: NEW 
[11:59:40] [main/INFO] [GradleStart]:   sounds/dig/sand4.ogg: NEW 
[11:59:40] [main/INFO] [GradleStart]:   sounds/dig/snow1.ogg: NEW 
[11:59:40] [main/INFO] [GradleStart]:   sounds/dig/snow2.ogg: NEW 
[11:59:40] [main/INFO] [GradleStart]:   sounds/dig/snow3.ogg: NEW 
[11:59:40] [main/INFO] [GradleStart]:   sounds/dig/snow4.ogg: NEW 
[11:59:40] [main/INFO] [GradleStart]:   sounds/dig/stone1.ogg: NEW 
[11:59:40] [main/INFO] [GradleStart]:   sounds/dig/stone2.ogg: NEW 
[11:59:40] [main/INFO] [GradleStart]:   sounds/dig/stone3.ogg: NEW 
[11:59:40] [main/INFO] [GradleStart]:   sounds/dig/stone4.ogg: NEW 
[11:59:40] [main/INFO] [GradleStart]:   sounds/dig/wood1.ogg: NEW 
[11:59:40] [main/INFO] [GradleStart]:   sounds/dig/wood2.ogg: NEW 
[11:59:40] [main/INFO] [GradleStart]:   sounds/dig/wood3.ogg: NEW 
[11:59:40] [main/INFO] [GradleStart]:   sounds/dig/wood4.ogg: NEW 
[11:59:40] [main/INFO] [GradleStart]:   sounds/fire/fire.ogg: NEW 
[11:59:40] [main/INFO] [GradleStart]:   sounds/fire/ignite.ogg: NEW 
[11:59:40] [main/INFO] [GradleStart]:   sounds/fireworks/blast1.ogg: NEW 
[11:59:40] [main/INFO] [GradleStart]:   sounds/fireworks/blast_far1.ogg: NEW 
[11:59:40] [main/INFO] [GradleStart]:   sounds/fireworks/largeBlast1.ogg: NEW 
[11:59:40] [main/INFO] [GradleStart]:   sounds/fireworks/largeBlast_far1.ogg: NEW 
[11:59:40] [main/INFO] [GradleStart]:   sounds/fireworks/launch1.ogg: NEW 
[11:59:40] [main/INFO] [GradleStart]:   sounds/fireworks/twinkle1.ogg: NEW 
[11:59:40] [main/INFO] [GradleStart]:   sounds/fireworks/twinkle_far1.ogg: NEW 
[11:59:40] [main/INFO] [GradleStart]:   sounds/liquid/lava.ogg: NEW 
[11:59:40] [main/INFO] [GradleStart]:   sounds/liquid/lavapop.ogg: NEW 
[11:59:40] [main/INFO] [GradleStart]:   sounds/liquid/splash.ogg: NEW 
[11:59:40] [main/INFO] [GradleStart]:   sounds/liquid/splash2.ogg: NEW 
[11:59:40] [main/INFO] [GradleStart]:   sounds/liquid/swim1.ogg: NEW 
[11:59:40] [main/INFO] [GradleStart]:   sounds/liquid/swim2.ogg: NEW 
[11:59:40] [main/INFO] [GradleStart]:   sounds/liquid/swim3.ogg: NEW 
[11:59:40] [main/INFO] [GradleStart]:   sounds/liquid/swim4.ogg: NEW 
[11:59:40] [main/INFO] [GradleStart]:   sounds/liquid/water.ogg: NEW 
[11:59:40] [main/INFO] [GradleStart]:   sounds/minecart/base.ogg: NEW 
[11:59:40] [main/INFO] [GradleStart]:   sounds/minecart/inside.ogg: NEW 
[11:59:40] [main/INFO] [GradleStart]:   sounds/mob/bat/death.ogg: NEW 
[11:59:40] [main/INFO] [GradleStart]:   sounds/mob/bat/hurt1.ogg: NEW 
[11:59:40] [main/INFO] [GradleStart]:   sounds/mob/bat/hurt2.ogg: NEW 
[11:59:40] [main/INFO] [GradleStart]:   sounds/mob/bat/hurt3.ogg: NEW 
[11:59:40] [main/INFO] [GradleStart]:   sounds/mob/bat/hurt4.ogg: NEW 
[11:59:40] [main/INFO] [GradleStart]:   sounds/mob/bat/idle1.ogg: NEW 
[11:59:40] [main/INFO] [GradleStart]:   sounds/mob/bat/idle2.ogg: NEW 
[11:59:40] [main/INFO] [GradleStart]:   sounds/mob/bat/idle3.ogg: NEW 
[11:59:40] [main/INFO] [GradleStart]:   sounds/mob/bat/idle4.ogg: NEW 
[11:59:40] [main/INFO] [GradleStart]:   sounds/mob/bat/loop.ogg: NEW 
[11:59:40] [main/INFO] [GradleStart]:   sounds/mob/bat/takeoff.ogg: NEW 
[11:59:40] [main/INFO] [GradleStart]:   sounds/mob/blaze/breathe1.ogg: NEW 
[11:59:40] [main/INFO] [GradleStart]:   sounds/mob/blaze/breathe2.ogg: NEW 
[11:59:40] [main/INFO] [GradleStart]:   sounds/mob/blaze/breathe3.ogg: NEW 
[11:59:40] [main/INFO] [GradleStart]:   sounds/mob/blaze/breathe4.ogg: NEW 
[11:59:40] [main/INFO] [GradleStart]:   sounds/mob/blaze/death.ogg: NEW 
[11:59:40] [main/INFO] [GradleStart]:   sounds/mob/blaze/hit1.ogg: NEW 
[11:59:40] [main/INFO] [GradleStart]:   sounds/mob/blaze/hit2.ogg: NEW 
[11:59:40] [main/INFO] [GradleStart]:   sounds/mob/blaze/hit3.ogg: NEW 
[11:59:40] [main/INFO] [GradleStart]:   sounds/mob/blaze/hit4.ogg: NEW 
[11:59:40] [main/INFO] [GradleStart]:   sounds/mob/cat/hiss1.ogg: NEW 
[11:59:40] [main/INFO] [GradleStart]:   sounds/mob/cat/hiss2.ogg: NEW 
[11:59:40] [main/INFO] [GradleStart]:   sounds/mob/cat/hiss3.ogg: NEW 
[11:59:40] [main/INFO] [GradleStart]:   sounds/mob/cat/hitt1.ogg: NEW 
[11:59:40] [main/INFO] [GradleStart]:   sounds/mob/cat/hitt2.ogg: NEW 
[11:59:40] [main/INFO] [GradleStart]:   sounds/mob/cat/hitt3.ogg: NEW 
[11:59:40] [main/INFO] [GradleStart]:   sounds/mob/cat/meow1.ogg: NEW 
[11:59:40] [main/INFO] [GradleStart]:   sounds/mob/cat/meow2.ogg: NEW 
[11:59:40] [main/INFO] [GradleStart]:   sounds/mob/cat/meow3.ogg: NEW 
[11:59:40] [main/INFO] [GradleStart]:   sounds/mob/cat/meow4.ogg: NEW 
[11:59:40] [main/INFO] [GradleStart]:   sounds/mob/cat/purr1.ogg: NEW 
[11:59:40] [main/INFO] [GradleStart]:   sounds/mob/cat/purr2.ogg: NEW 
[11:59:40] [main/INFO] [GradleStart]:   sounds/mob/cat/purr3.ogg: NEW 
[11:59:40] [main/INFO] [GradleStart]:   sounds/mob/cat/purreow1.ogg: NEW 
[11:59:40] [main/INFO] [GradleStart]:   sounds/mob/cat/purreow2.ogg: NEW 
[11:59:40] [main/INFO] [GradleStart]:   sounds/mob/chicken/hurt1.ogg: NEW 
[11:59:40] [main/INFO] [GradleStart]:   sounds/mob/chicken/hurt2.ogg: NEW 
[11:59:40] [main/INFO] [GradleStart]:   sounds/mob/chicken/plop.ogg: NEW 
[11:59:40] [main/INFO] [GradleStart]:   sounds/mob/chicken/say1.ogg: NEW 
[11:59:40] [main/INFO] [GradleStart]:   sounds/mob/chicken/say2.ogg: NEW 
[11:59:40] [main/INFO] [GradleStart]:   sounds/mob/chicken/say3.ogg: NEW 
[11:59:40] [main/INFO] [GradleStart]:   sounds/mob/chicken/step1.ogg: NEW 
[11:59:40] [main/INFO] [GradleStart]:   sounds/mob/chicken/step2.ogg: NEW 
[11:59:40] [main/INFO] [GradleStart]:   sounds/mob/cow/hurt1.ogg: NEW 
[11:59:40] [main/INFO] [GradleStart]:   sounds/mob/cow/hurt2.ogg: NEW 
[11:59:40] [main/INFO] [GradleStart]:   sounds/mob/cow/hurt3.ogg: NEW 
[11:59:40] [main/INFO] [GradleStart]:   sounds/mob/cow/say1.ogg: NEW 
[11:59:40] [main/INFO] [GradleStart]:   sounds/mob/cow/say2.ogg: NEW 
[11:59:40] [main/INFO] [GradleStart]:   sounds/mob/cow/say3.ogg: NEW 
[11:59:40] [main/INFO] [GradleStart]:   sounds/mob/cow/say4.ogg: NEW 
[11:59:40] [main/INFO] [GradleStart]:   sounds/mob/cow/step1.ogg: NEW 
[11:59:40] [main/INFO] [GradleStart]:   sounds/mob/cow/step2.ogg: NEW 
[11:59:41] [main/INFO] [GradleStart]:   sounds/mob/cow/step3.ogg: NEW 
[11:59:41] [main/INFO] [GradleStart]:   sounds/mob/cow/step4.ogg: NEW 
[11:59:41] [main/INFO] [GradleStart]:   sounds/mob/creeper/death.ogg: NEW 
[11:59:41] [main/INFO] [GradleStart]:   sounds/mob/creeper/say1.ogg: NEW 
[11:59:41] [main/INFO] [GradleStart]:   sounds/mob/creeper/say2.ogg: NEW 
[11:59:41] [main/INFO] [GradleStart]:   sounds/mob/creeper/say3.ogg: NEW 
[11:59:41] [main/INFO] [GradleStart]:   sounds/mob/creeper/say4.ogg: NEW 
[11:59:41] [main/INFO] [GradleStart]:   sounds/mob/enderdragon/end.ogg: NEW 
[11:59:41] [main/INFO] [GradleStart]:   sounds/mob/enderdragon/growl1.ogg: NEW 
[11:59:41] [main/INFO] [GradleStart]:   sounds/mob/enderdragon/growl2.ogg: NEW 
[11:59:41] [main/INFO] [GradleStart]:   sounds/mob/enderdragon/growl3.ogg: NEW 
[11:59:41] [main/INFO] [GradleStart]:   sounds/mob/enderdragon/growl4.ogg: NEW 
[11:59:41] [main/INFO] [GradleStart]:   sounds/mob/enderdragon/hit1.ogg: NEW 
[11:59:41] [main/INFO] [GradleStart]:   sounds/mob/enderdragon/hit2.ogg: NEW 
[11:59:41] [main/INFO] [GradleStart]:   sounds/mob/enderdragon/hit3.ogg: NEW 
[11:59:41] [main/INFO] [GradleStart]:   sounds/mob/enderdragon/hit4.ogg: NEW 
[11:59:41] [main/INFO] [GradleStart]:   sounds/mob/enderdragon/wings1.ogg: NEW 
[11:59:41] [main/INFO] [GradleStart]:   sounds/mob/enderdragon/wings2.ogg: NEW 
[11:59:41] [main/INFO] [GradleStart]:   sounds/mob/enderdragon/wings3.ogg: NEW 
[11:59:41] [main/INFO] [GradleStart]:   sounds/mob/enderdragon/wings4.ogg: NEW 
[11:59:41] [main/INFO] [GradleStart]:   sounds/mob/enderdragon/wings5.ogg: NEW 
[11:59:41] [main/INFO] [GradleStart]:   sounds/mob/enderdragon/wings6.ogg: NEW 
[11:59:41] [main/INFO] [GradleStart]:   sounds/mob/endermen/death.ogg: NEW 
[11:59:41] [main/INFO] [GradleStart]:   sounds/mob/endermen/hit1.ogg: NEW 
[11:59:41] [main/INFO] [GradleStart]:   sounds/mob/endermen/hit2.ogg: NEW 
[11:59:41] [main/INFO] [GradleStart]:   sounds/mob/endermen/hit3.ogg: NEW 
[11:59:41] [main/INFO] [GradleStart]:   sounds/mob/endermen/hit4.ogg: NEW 
[11:59:41] [main/INFO] [GradleStart]:   sounds/mob/endermen/idle1.ogg: NEW 
[11:59:41] [main/INFO] [GradleStart]:   sounds/mob/endermen/idle2.ogg: NEW 
[11:59:41] [main/INFO] [GradleStart]:   sounds/mob/endermen/idle3.ogg: NEW 
[11:59:41] [main/INFO] [GradleStart]:   sounds/mob/endermen/idle4.ogg: NEW 
[11:59:41] [main/INFO] [GradleStart]:   sounds/mob/endermen/idle5.ogg: NEW 
[11:59:41] [main/INFO] [GradleStart]:   sounds/mob/endermen/portal.ogg: NEW 
[11:59:41] [main/INFO] [GradleStart]:   sounds/mob/endermen/portal2.ogg: NEW 
[11:59:41] [main/INFO] [GradleStart]:   sounds/mob/endermen/scream1.ogg: NEW 
[11:59:41] [main/INFO] [GradleStart]:   sounds/mob/endermen/scream2.ogg: NEW 
[11:59:41] [main/INFO] [GradleStart]:   sounds/mob/endermen/scream3.ogg: NEW 
[11:59:41] [main/INFO] [GradleStart]:   sounds/mob/endermen/scream4.ogg: NEW 
[11:59:41] [main/INFO] [GradleStart]:   sounds/mob/endermen/stare.ogg: NEW 
[11:59:41] [main/INFO] [GradleStart]:   sounds/mob/ghast/affectionate_scream.ogg: NEW 
[11:59:41] [main/INFO] [GradleStart]:   sounds/mob/ghast/charge.ogg: NEW 
[11:59:41] [main/INFO] [GradleStart]:   sounds/mob/ghast/death.ogg: NEW 
[11:59:41] [main/INFO] [GradleStart]:   sounds/mob/ghast/fireball4.ogg: NEW 
[11:59:41] [main/INFO] [GradleStart]:   sounds/mob/ghast/moan1.ogg: NEW 
[11:59:41] [main/INFO] [GradleStart]:   sounds/mob/ghast/moan2.ogg: NEW 
[11:59:41] [main/INFO] [GradleStart]:   sounds/mob/ghast/moan3.ogg: NEW 
[11:59:41] [main/INFO] [GradleStart]:   sounds/mob/ghast/moan4.ogg: NEW 
[11:59:41] [main/INFO] [GradleStart]:   sounds/mob/ghast/moan5.ogg: NEW 
[11:59:41] [main/INFO] [GradleStart]:   sounds/mob/ghast/moan6.ogg: NEW 
[11:59:41] [main/INFO] [GradleStart]:   sounds/mob/ghast/moan7.ogg: NEW 
[11:59:41] [main/INFO] [GradleStart]:   sounds/mob/ghast/scream1.ogg: NEW 
[11:59:41] [main/INFO] [GradleStart]:   sounds/mob/ghast/scream2.ogg: NEW 
[11:59:41] [main/INFO] [GradleStart]:   sounds/mob/ghast/scream3.ogg: NEW 
[11:59:41] [main/INFO] [GradleStart]:   sounds/mob/ghast/scream4.ogg: NEW 
[11:59:41] [main/INFO] [GradleStart]:   sounds/mob/ghast/scream5.ogg: NEW 
[11:59:41] [main/INFO] [GradleStart]:   sounds/mob/horse/angry1.ogg: NEW 
[11:59:41] [main/INFO] [GradleStart]:   sounds/mob/horse/armor.ogg: NEW 
[11:59:41] [main/INFO] [GradleStart]:   sounds/mob/horse/breathe1.ogg: NEW 
[11:59:41] [main/INFO] [GradleStart]:   sounds/mob/horse/breathe2.ogg: NEW 
[11:59:41] [main/INFO] [GradleStart]:   sounds/mob/horse/breathe3.ogg: NEW 
[11:59:41] [main/INFO] [GradleStart]:   sounds/mob/horse/death.ogg: NEW 
[11:59:41] [main/INFO] [GradleStart]:   sounds/mob/horse/donkey/angry1.ogg: NEW 
[11:59:41] [main/INFO] [GradleStart]:   sounds/mob/horse/donkey/angry2.ogg: NEW 
[11:59:41] [main/INFO] [GradleStart]:   sounds/mob/horse/donkey/death.ogg: NEW 
[11:59:41] [main/INFO] [GradleStart]:   sounds/mob/horse/donkey/hit1.ogg: NEW 
[11:59:41] [main/INFO] [GradleStart]:   sounds/mob/horse/donkey/hit2.ogg: NEW 
[11:59:41] [main/INFO] [GradleStart]:   sounds/mob/horse/donkey/hit3.ogg: NEW 
[11:59:41] [main/INFO] [GradleStart]:   sounds/mob/horse/donkey/idle1.ogg: NEW 
[11:59:41] [main/INFO] [GradleStart]:   sounds/mob/horse/donkey/idle2.ogg: NEW 
[11:59:41] [main/INFO] [GradleStart]:   sounds/mob/horse/donkey/idle3.ogg: NEW 
[11:59:41] [main/INFO] [GradleStart]:   sounds/mob/horse/gallop1.ogg: NEW 
[11:59:41] [main/INFO] [GradleStart]:   sounds/mob/horse/gallop2.ogg: NEW 
[11:59:41] [main/INFO] [GradleStart]:   sounds/mob/horse/gallop3.ogg: NEW 
[11:59:41] [main/INFO] [GradleStart]:   sounds/mob/horse/gallop4.ogg: NEW 
[11:59:41] [main/INFO] [GradleStart]:   sounds/mob/horse/hit1.ogg: NEW 
[11:59:41] [main/INFO] [GradleStart]:   sounds/mob/horse/hit2.ogg: NEW 
[11:59:41] [main/INFO] [GradleStart]:   sounds/mob/horse/hit3.ogg: NEW 
[11:59:41] [main/INFO] [GradleStart]:   sounds/mob/horse/hit4.ogg: NEW 
[11:59:41] [main/INFO] [GradleStart]:   sounds/mob/horse/idle1.ogg: NEW 
[11:59:41] [main/INFO] [GradleStart]:   sounds/mob/horse/idle2.ogg: NEW 
[11:59:41] [main/INFO] [GradleStart]:   sounds/mob/horse/idle3.ogg: NEW 
[11:59:41] [main/INFO] [GradleStart]:   sounds/mob/horse/jump.ogg: NEW 
[11:59:41] [main/INFO] [GradleStart]:   sounds/mob/horse/land.ogg: NEW 
[11:59:41] [main/INFO] [GradleStart]:   sounds/mob/horse/leather.ogg: NEW 
[11:59:41] [main/INFO] [GradleStart]:   sounds/mob/horse/skeleton/death.ogg: NEW 
[11:59:41] [main/INFO] [GradleStart]:   sounds/mob/horse/skeleton/hit1.ogg: NEW 
[11:59:41] [main/INFO] [GradleStart]:   sounds/mob/horse/skeleton/hit2.ogg: NEW 
[11:59:41] [main/INFO] [GradleStart]:   sounds/mob/horse/skeleton/hit3.ogg: NEW 
[11:59:41] [main/INFO] [GradleStart]:   sounds/mob/horse/skeleton/hit4.ogg: NEW 
[11:59:41] [main/INFO] [GradleStart]:   sounds/mob/horse/skeleton/idle1.ogg: NEW 
[11:59:41] [main/INFO] [GradleStart]:   sounds/mob/horse/skeleton/idle2.ogg: NEW 
[11:59:41] [main/INFO] [GradleStart]:   sounds/mob/horse/skeleton/idle3.ogg: NEW 
[11:59:41] [main/INFO] [GradleStart]:   sounds/mob/horse/soft1.ogg: NEW 
[11:59:41] [main/INFO] [GradleStart]:   sounds/mob/horse/soft2.ogg: NEW 
[11:59:41] [main/INFO] [GradleStart]:   sounds/mob/horse/soft3.ogg: NEW 
[11:59:41] [main/INFO] [GradleStart]:   sounds/mob/horse/soft4.ogg: NEW 
[11:59:41] [main/INFO] [GradleStart]:   sounds/mob/horse/soft5.ogg: NEW 
[11:59:41] [main/INFO] [GradleStart]:   sounds/mob/horse/soft6.ogg: NEW 
[11:59:41] [main/INFO] [GradleStart]:   sounds/mob/horse/wood1.ogg: NEW 
[11:59:41] [main/INFO] [GradleStart]:   sounds/mob/horse/wood2.ogg: NEW 
[11:59:41] [main/INFO] [GradleStart]:   sounds/mob/horse/wood3.ogg: NEW 
[11:59:41] [main/INFO] [GradleStart]:   sounds/mob/horse/wood4.ogg: NEW 
[11:59:41] [main/INFO] [GradleStart]:   sounds/mob/horse/wood5.ogg: NEW 
[11:59:41] [main/INFO] [GradleStart]:   sounds/mob/horse/wood6.ogg: NEW 
[11:59:41] [main/INFO] [GradleStart]:   sounds/mob/horse/zombie/death.ogg: NEW 
[11:59:41] [main/INFO] [GradleStart]:   sounds/mob/horse/zombie/hit1.ogg: NEW 
[11:59:41] [main/INFO] [GradleStart]:   sounds/mob/horse/zombie/hit2.ogg: NEW 
[11:59:41] [main/INFO] [GradleStart]:   sounds/mob/horse/zombie/hit3.ogg: NEW 
[11:59:41] [main/INFO] [GradleStart]:   sounds/mob/horse/zombie/hit4.ogg: NEW 
[11:59:41] [main/INFO] [GradleStart]:   sounds/mob/horse/zombie/idle1.ogg: NEW 
[11:59:41] [main/INFO] [GradleStart]:   sounds/mob/horse/zombie/idle2.ogg: NEW 
[11:59:41] [main/INFO] [GradleStart]:   sounds/mob/horse/zombie/idle3.ogg: NEW 
[11:59:41] [main/INFO] [GradleStart]:   sounds/mob/irongolem/death.ogg: NEW 
[11:59:41] [main/INFO] [GradleStart]:   sounds/mob/irongolem/hit1.ogg: NEW 
[11:59:41] [main/INFO] [GradleStart]:   sounds/mob/irongolem/hit2.ogg: NEW 
[11:59:41] [main/INFO] [GradleStart]:   sounds/mob/irongolem/hit3.ogg: NEW 
[11:59:41] [main/INFO] [GradleStart]:   sounds/mob/irongolem/hit4.ogg: NEW 
[11:59:41] [main/INFO] [GradleStart]:   sounds/mob/irongolem/throw.ogg: NEW 
[11:59:41] [main/INFO] [GradleStart]:   sounds/mob/irongolem/walk1.ogg: NEW 
[11:59:41] [main/INFO] [GradleStart]:   sounds/mob/irongolem/walk2.ogg: NEW 
[11:59:41] [main/INFO] [GradleStart]:   sounds/mob/irongolem/walk3.ogg: NEW 
[11:59:41] [main/INFO] [GradleStart]:   sounds/mob/irongolem/walk4.ogg: NEW 
[11:59:41] [main/INFO] [GradleStart]:   sounds/mob/magmacube/big1.ogg: NEW 
[11:59:41] [main/INFO] [GradleStart]:   sounds/mob/magmacube/big2.ogg: NEW 
[11:59:41] [main/INFO] [GradleStart]:   sounds/mob/magmacube/big3.ogg: NEW 
[11:59:41] [main/INFO] [GradleStart]:   sounds/mob/magmacube/big4.ogg: NEW 
[11:59:41] [main/INFO] [GradleStart]:   sounds/mob/magmacube/jump1.ogg: NEW 
[11:59:41] [main/INFO] [GradleStart]:   sounds/mob/magmacube/jump2.ogg: NEW 
[11:59:41] [main/INFO] [GradleStart]:   sounds/mob/magmacube/jump3.ogg: NEW 
[11:59:41] [main/INFO] [GradleStart]:   sounds/mob/magmacube/jump4.ogg: NEW 
[11:59:41] [main/INFO] [GradleStart]:   sounds/mob/magmacube/small1.ogg: NEW 
[11:59:41] [main/INFO] [GradleStart]:   sounds/mob/magmacube/small2.ogg: NEW 
[11:59:41] [main/INFO] [GradleStart]:   sounds/mob/magmacube/small3.ogg: NEW 
[11:59:41] [main/INFO] [GradleStart]:   sounds/mob/magmacube/small4.ogg: NEW 
[11:59:41] [main/INFO] [GradleStart]:   sounds/mob/magmacube/small5.ogg: NEW 
[11:59:41] [main/INFO] [GradleStart]:   sounds/mob/pig/death.ogg: NEW 
[11:59:41] [main/INFO] [GradleStart]:   sounds/mob/pig/say1.ogg: NEW 
[11:59:41] [main/INFO] [GradleStart]:   sounds/mob/pig/say2.ogg: NEW 
[11:59:41] [main/INFO] [GradleStart]:   sounds/mob/pig/say3.ogg: NEW 
[11:59:41] [main/INFO] [GradleStart]:   sounds/mob/pig/step1.ogg: NEW 
[11:59:41] [main/INFO] [GradleStart]:   sounds/mob/pig/step2.ogg: NEW 
[11:59:41] [main/INFO] [GradleStart]:   sounds/mob/pig/step3.ogg: NEW 
[11:59:41] [main/INFO] [GradleStart]:   sounds/mob/pig/step4.ogg: NEW 
[11:59:41] [main/INFO] [GradleStart]:   sounds/mob/pig/step5.ogg: NEW 
[11:59:41] [main/INFO] [GradleStart]:   sounds/mob/sheep/say1.ogg: NEW 
[11:59:41] [main/INFO] [GradleStart]:   sounds/mob/sheep/say2.ogg: NEW 
[11:59:41] [main/INFO] [GradleStart]:   sounds/mob/sheep/say3.ogg: NEW 
[11:59:41] [main/INFO] [GradleStart]:   sounds/mob/sheep/shear.ogg: NEW 
[11:59:41] [main/INFO] [GradleStart]:   sounds/mob/sheep/step1.ogg: NEW 
[11:59:41] [main/INFO] [GradleStart]:   sounds/mob/sheep/step2.ogg: NEW 
[11:59:41] [main/INFO] [GradleStart]:   sounds/mob/sheep/step3.ogg: NEW 
[11:59:41] [main/INFO] [GradleStart]:   sounds/mob/sheep/step4.ogg: NEW 
[11:59:41] [main/INFO] [GradleStart]:   sounds/mob/sheep/step5.ogg: NEW 
[11:59:41] [main/INFO] [GradleStart]:   sounds/mob/silverfish/hit1.ogg: NEW 
[11:59:41] [main/INFO] [GradleStart]:   sounds/mob/silverfish/hit2.ogg: NEW 
[11:59:41] [main/INFO] [GradleStart]:   sounds/mob/silverfish/hit3.ogg: NEW 
[11:59:41] [main/INFO] [GradleStart]:   sounds/mob/silverfish/kill.ogg: NEW 
[11:59:41] [main/INFO] [GradleStart]:   sounds/mob/silverfish/say1.ogg: NEW 
[11:59:41] [main/INFO] [GradleStart]:   sounds/mob/silverfish/say2.ogg: NEW 
[11:59:41] [main/INFO] [GradleStart]:   sounds/mob/silverfish/say3.ogg: NEW 
[11:59:41] [main/INFO] [GradleStart]:   sounds/mob/silverfish/say4.ogg: NEW 
[11:59:41] [main/INFO] [GradleStart]:   sounds/mob/silverfish/step1.ogg: NEW 
[11:59:41] [main/INFO] [GradleStart]:   sounds/mob/silverfish/step2.ogg: NEW 
[11:59:41] [main/INFO] [GradleStart]:   sounds/mob/silverfish/step3.ogg: NEW 
[11:59:41] [main/INFO] [GradleStart]:   sounds/mob/silverfish/step4.ogg: NEW 
[11:59:41] [main/INFO] [GradleStart]:   sounds/mob/skeleton/death.ogg: NEW 
[11:59:41] [main/INFO] [GradleStart]:   sounds/mob/skeleton/hurt1.ogg: NEW 
[11:59:41] [main/INFO] [GradleStart]:   sounds/mob/skeleton/hurt2.ogg: NEW 
[11:59:41] [main/INFO] [GradleStart]:   sounds/mob/skeleton/hurt3.ogg: NEW 
[11:59:41] [main/INFO] [GradleStart]:   sounds/mob/skeleton/hurt4.ogg: NEW 
[11:59:41] [main/INFO] [GradleStart]:   sounds/mob/skeleton/say1.ogg: NEW 
[11:59:41] [main/INFO] [GradleStart]:   sounds/mob/skeleton/say2.ogg: NEW 
[11:59:41] [main/INFO] [GradleStart]:   sounds/mob/skeleton/say3.ogg: NEW 
[11:59:41] [main/INFO] [GradleStart]:   sounds/mob/skeleton/step1.ogg: NEW 
[11:59:41] [main/INFO] [GradleStart]:   sounds/mob/skeleton/step2.ogg: NEW 
[11:59:41] [main/INFO] [GradleStart]:   sounds/mob/skeleton/step3.ogg: NEW 
[11:59:41] [main/INFO] [GradleStart]:   sounds/mob/skeleton/step4.ogg: NEW 
[11:59:41] [main/INFO] [GradleStart]:   sounds/mob/slime/attack1.ogg: NEW 
[11:59:41] [main/INFO] [GradleStart]:   sounds/mob/slime/attack2.ogg: NEW 
[11:59:41] [main/INFO] [GradleStart]:   sounds/mob/slime/big1.ogg: NEW 
[11:59:41] [main/INFO] [GradleStart]:   sounds/mob/slime/big2.ogg: NEW 
[11:59:41] [main/INFO] [GradleStart]:   sounds/mob/slime/big3.ogg: NEW 
[11:59:41] [main/INFO] [GradleStart]:   sounds/mob/slime/big4.ogg: NEW 
[11:59:41] [main/INFO] [GradleStart]:   sounds/mob/slime/small1.ogg: NEW 
[11:59:41] [main/INFO] [GradleStart]:   sounds/mob/slime/small2.ogg: NEW 
[11:59:41] [main/INFO] [GradleStart]:   sounds/mob/slime/small3.ogg: NEW 
[11:59:41] [main/INFO] [GradleStart]:   sounds/mob/slime/small4.ogg: NEW 
[11:59:41] [main/INFO] [GradleStart]:   sounds/mob/slime/small5.ogg: NEW 
[11:59:41] [main/INFO] [GradleStart]:   sounds/mob/spider/death.ogg: NEW 
[11:59:41] [main/INFO] [GradleStart]:   sounds/mob/spider/say1.ogg: NEW 
[11:59:41] [main/INFO] [GradleStart]:   sounds/mob/spider/say2.ogg: NEW 
[11:59:41] [main/INFO] [GradleStart]:   sounds/mob/spider/say3.ogg: NEW 
[11:59:41] [main/INFO] [GradleStart]:   sounds/mob/spider/say4.ogg: NEW 
[11:59:41] [main/INFO] [GradleStart]:   sounds/mob/spider/step1.ogg: NEW 
[11:59:41] [main/INFO] [GradleStart]:   sounds/mob/spider/step2.ogg: NEW 
[11:59:41] [main/INFO] [GradleStart]:   sounds/mob/spider/step3.ogg: NEW 
[11:59:41] [main/INFO] [GradleStart]:   sounds/mob/spider/step4.ogg: NEW 
[11:59:41] [main/INFO] [GradleStart]:   sounds/mob/villager/death.ogg: NEW 
[11:59:41] [main/INFO] [GradleStart]:   sounds/mob/villager/haggle1.ogg: NEW 
[11:59:41] [main/INFO] [GradleStart]:   sounds/mob/villager/haggle2.ogg: NEW 
[11:59:41] [main/INFO] [GradleStart]:   sounds/mob/villager/haggle3.ogg: NEW 
[11:59:41] [main/INFO] [GradleStart]:   sounds/mob/villager/hit1.ogg: NEW 
[11:59:41] [main/INFO] [GradleStart]:   sounds/mob/villager/hit2.ogg: NEW 
[11:59:41] [main/INFO] [GradleStart]:   sounds/mob/villager/hit3.ogg: NEW 
[11:59:41] [main/INFO] [GradleStart]:   sounds/mob/villager/hit4.ogg: NEW 
[11:59:41] [main/INFO] [GradleStart]:   sounds/mob/villager/idle1.ogg: NEW 
[11:59:41] [main/INFO] [GradleStart]:   sounds/mob/villager/idle2.ogg: NEW 
[11:59:41] [main/INFO] [GradleStart]:   sounds/mob/villager/idle3.ogg: NEW 
[11:59:41] [main/INFO] [GradleStart]:   sounds/mob/villager/no1.ogg: NEW 
[11:59:41] [main/INFO] [GradleStart]:   sounds/mob/villager/no2.ogg: NEW 
[11:59:41] [main/INFO] [GradleStart]:   sounds/mob/villager/no3.ogg: NEW 
[11:59:41] [main/INFO] [GradleStart]:   sounds/mob/villager/yes1.ogg: NEW 
[11:59:41] [main/INFO] [GradleStart]:   sounds/mob/villager/yes2.ogg: NEW 
[11:59:41] [main/INFO] [GradleStart]:   sounds/mob/villager/yes3.ogg: NEW 
[11:59:41] [main/INFO] [GradleStart]:   sounds/mob/wither/death.ogg: NEW 
[11:59:41] [main/INFO] [GradleStart]:   sounds/mob/wither/hurt1.ogg: NEW 
[11:59:41] [main/INFO] [GradleStart]:   sounds/mob/wither/hurt2.ogg: NEW 
[11:59:41] [main/INFO] [GradleStart]:   sounds/mob/wither/hurt3.ogg: NEW 
[11:59:41] [main/INFO] [GradleStart]:   sounds/mob/wither/hurt4.ogg: NEW 
[11:59:41] [main/INFO] [GradleStart]:   sounds/mob/wither/idle1.ogg: NEW 
[11:59:41] [main/INFO] [GradleStart]:   sounds/mob/wither/idle2.ogg: NEW 
[11:59:41] [main/INFO] [GradleStart]:   sounds/mob/wither/idle3.ogg: NEW 
[11:59:41] [main/INFO] [GradleStart]:   sounds/mob/wither/idle4.ogg: NEW 
[11:59:41] [main/INFO] [GradleStart]:   sounds/mob/wither/shoot.ogg: NEW 
[11:59:41] [main/INFO] [GradleStart]:   sounds/mob/wither/spawn.ogg: NEW 
[11:59:41] [main/INFO] [GradleStart]:   sounds/mob/wolf/bark1.ogg: NEW 
[11:59:41] [main/INFO] [GradleStart]:   sounds/mob/wolf/bark2.ogg: NEW 
[11:59:41] [main/INFO] [GradleStart]:   sounds/mob/wolf/bark3.ogg: NEW 
[11:59:41] [main/INFO] [GradleStart]:   sounds/mob/wolf/death.ogg: NEW 
[11:59:41] [main/INFO] [GradleStart]:   sounds/mob/wolf/growl1.ogg: NEW 
[11:59:41] [main/INFO] [GradleStart]:   sounds/mob/wolf/growl2.ogg: NEW 
[11:59:41] [main/INFO] [GradleStart]:   sounds/mob/wolf/growl3.ogg: NEW 
[11:59:41] [main/INFO] [GradleStart]:   sounds/mob/wolf/howl1.ogg: NEW 
[11:59:41] [main/INFO] [GradleStart]:   sounds/mob/wolf/howl2.ogg: NEW 
[11:59:41] [main/INFO] [GradleStart]:   sounds/mob/wolf/hurt1.ogg: NEW 
[11:59:41] [main/INFO] [GradleStart]:   sounds/mob/wolf/hurt2.ogg: NEW 
[11:59:41] [main/INFO] [GradleStart]:   sounds/mob/wolf/hurt3.ogg: NEW 
[11:59:41] [main/INFO] [GradleStart]:   sounds/mob/wolf/panting.ogg: NEW 
[11:59:41] [main/INFO] [GradleStart]:   sounds/mob/wolf/shake.ogg: NEW 
[11:59:41] [main/INFO] [GradleStart]:   sounds/mob/wolf/step1.ogg: NEW 
[11:59:41] [main/INFO] [GradleStart]:   sounds/mob/wolf/step2.ogg: NEW 
[11:59:41] [main/INFO] [GradleStart]:   sounds/mob/wolf/step3.ogg: NEW 
[11:59:41] [main/INFO] [GradleStart]:   sounds/mob/wolf/step4.ogg: NEW 
[11:59:41] [main/INFO] [GradleStart]:   sounds/mob/wolf/step5.ogg: NEW 
[11:59:41] [main/INFO] [GradleStart]:   sounds/mob/wolf/whine.ogg: NEW 
[11:59:41] [main/INFO] [GradleStart]:   sounds/mob/zombie/death.ogg: NEW 
[11:59:41] [main/INFO] [GradleStart]:   sounds/mob/zombie/hurt1.ogg: NEW 
[11:59:41] [main/INFO] [GradleStart]:   sounds/mob/zombie/hurt2.ogg: NEW 
[11:59:41] [main/INFO] [GradleStart]:   sounds/mob/zombie/infect.ogg: NEW 
[11:59:41] [main/INFO] [GradleStart]:   sounds/mob/zombie/metal1.ogg: NEW 
[11:59:41] [main/INFO] [GradleStart]:   sounds/mob/zombie/metal2.ogg: NEW 
[11:59:41] [main/INFO] [GradleStart]:   sounds/mob/zombie/metal3.ogg: NEW 
[11:59:41] [main/INFO] [GradleStart]:   sounds/mob/zombie/remedy.ogg: NEW 
[11:59:42] [main/INFO] [GradleStart]:   sounds/mob/zombie/say1.ogg: NEW 
[11:59:42] [main/INFO] [GradleStart]:   sounds/mob/zombie/say2.ogg: NEW 
[11:59:42] [main/INFO] [GradleStart]:   sounds/mob/zombie/say3.ogg: NEW 
[11:59:42] [main/INFO] [GradleStart]:   sounds/mob/zombie/step1.ogg: NEW 
[11:59:42] [main/INFO] [GradleStart]:   sounds/mob/zombie/step2.ogg: NEW 
[11:59:42] [main/INFO] [GradleStart]:   sounds/mob/zombie/step3.ogg: NEW 
[11:59:42] [main/INFO] [GradleStart]:   sounds/mob/zombie/step4.ogg: NEW 
[11:59:42] [main/INFO] [GradleStart]:   sounds/mob/zombie/step5.ogg: NEW 
[11:59:42] [main/INFO] [GradleStart]:   sounds/mob/zombie/unfect.ogg: NEW 
[11:59:42] [main/INFO] [GradleStart]:   sounds/mob/zombie/wood1.ogg: NEW 
[11:59:42] [main/INFO] [GradleStart]:   sounds/mob/zombie/wood2.ogg: NEW 
[11:59:42] [main/INFO] [GradleStart]:   sounds/mob/zombie/wood3.ogg: NEW 
[11:59:42] [main/INFO] [GradleStart]:   sounds/mob/zombie/wood4.ogg: NEW 
[11:59:42] [main/INFO] [GradleStart]:   sounds/mob/zombie/woodbreak.ogg: NEW 
[11:59:42] [main/INFO] [GradleStart]:   sounds/mob/zombiepig/zpig1.ogg: NEW 
[11:59:42] [main/INFO] [GradleStart]:   sounds/mob/zombiepig/zpig2.ogg: NEW 
[11:59:42] [main/INFO] [GradleStart]:   sounds/mob/zombiepig/zpig3.ogg: NEW 
[11:59:42] [main/INFO] [GradleStart]:   sounds/mob/zombiepig/zpig4.ogg: NEW 
[11:59:42] [main/INFO] [GradleStart]:   sounds/mob/zombiepig/zpigangry1.ogg: NEW 
[11:59:42] [main/INFO] [GradleStart]:   sounds/mob/zombiepig/zpigangry2.ogg: NEW 
[11:59:42] [main/INFO] [GradleStart]:   sounds/mob/zombiepig/zpigangry3.ogg: NEW 
[11:59:42] [main/INFO] [GradleStart]:   sounds/mob/zombiepig/zpigangry4.ogg: NEW 
[11:59:42] [main/INFO] [GradleStart]:   sounds/mob/zombiepig/zpigdeath.ogg: NEW 
[11:59:42] [main/INFO] [GradleStart]:   sounds/mob/zombiepig/zpighurt1.ogg: NEW 
[11:59:42] [main/INFO] [GradleStart]:   sounds/mob/zombiepig/zpighurt2.ogg: NEW 
[11:59:42] [main/INFO] [GradleStart]:   sounds/music/game/calm1.ogg: NEW 
[11:59:42] [main/INFO] [GradleStart]:   sounds/music/game/calm2.ogg: NEW 
[11:59:42] [main/INFO] [GradleStart]:   sounds/music/game/calm3.ogg: NEW 
[11:59:42] [main/INFO] [GradleStart]:   sounds/music/game/creative/creative1.ogg: NEW 
[11:59:42] [main/INFO] [GradleStart]:   sounds/music/game/creative/creative2.ogg: NEW 
[11:59:42] [main/INFO] [GradleStart]:   sounds/music/game/creative/creative3.ogg: NEW 
[11:59:42] [main/INFO] [GradleStart]:   sounds/music/game/creative/creative4.ogg: NEW 
[11:59:42] [main/INFO] [GradleStart]:   sounds/music/game/creative/creative5.ogg: NEW 
[11:59:42] [main/INFO] [GradleStart]:   sounds/music/game/creative/creative6.ogg: NEW 
[11:59:42] [main/INFO] [GradleStart]:   sounds/music/game/end/boss.ogg: NEW 
[11:59:42] [main/INFO] [GradleStart]:   sounds/music/game/end/credits.ogg: NEW 
[11:59:42] [main/INFO] [GradleStart]:   sounds/music/game/end/end.ogg: NEW 
[11:59:42] [main/INFO] [GradleStart]:   sounds/music/game/hal1.ogg: NEW 
[11:59:42] [main/INFO] [GradleStart]:   sounds/music/game/hal2.ogg: NEW 
[11:59:43] [main/INFO] [GradleStart]:   sounds/music/game/hal3.ogg: NEW 
[11:59:43] [main/INFO] [GradleStart]:   sounds/music/game/hal4.ogg: NEW 
[11:59:43] [main/INFO] [GradleStart]:   sounds/music/game/nether/nether1.ogg: NEW 
[11:59:43] [main/INFO] [GradleStart]:   sounds/music/game/nether/nether2.ogg: NEW 
[11:59:43] [main/INFO] [GradleStart]:   sounds/music/game/nether/nether3.ogg: NEW 
[11:59:43] [main/INFO] [GradleStart]:   sounds/music/game/nether/nether4.ogg: NEW 
[11:59:43] [main/INFO] [GradleStart]:   sounds/music/game/nuance1.ogg: NEW 
[11:59:44] [main/INFO] [GradleStart]:   sounds/music/game/nuance2.ogg: NEW 
[11:59:44] [main/INFO] [GradleStart]:   sounds/music/game/piano1.ogg: NEW 
[11:59:44] [main/INFO] [GradleStart]:   sounds/music/game/piano2.ogg: NEW 
[11:59:44] [main/INFO] [GradleStart]:   sounds/music/game/piano3.ogg: NEW 
[11:59:44] [main/INFO] [GradleStart]:   sounds/music/menu/menu1.ogg: NEW 
[11:59:44] [main/INFO] [GradleStart]:   sounds/music/menu/menu2.ogg: NEW 
[11:59:44] [main/INFO] [GradleStart]:   sounds/music/menu/menu3.ogg: NEW 
[11:59:44] [main/INFO] [GradleStart]:   sounds/music/menu/menu4.ogg: NEW 
[11:59:44] [main/INFO] [GradleStart]:   sounds/note/bass.ogg: NEW 
[11:59:44] [main/INFO] [GradleStart]:   sounds/note/bassattack.ogg: NEW 
[11:59:44] [main/INFO] [GradleStart]:   sounds/note/bd.ogg: NEW 
[11:59:44] [main/INFO] [GradleStart]:   sounds/note/harp.ogg: NEW 
[11:59:44] [main/INFO] [GradleStart]:   sounds/note/hat.ogg: NEW 
[11:59:44] [main/INFO] [GradleStart]:   sounds/note/pling.ogg: NEW 
[11:59:44] [main/INFO] [GradleStart]:   sounds/note/snare.ogg: NEW 
[11:59:44] [main/INFO] [GradleStart]:   sounds/portal/portal.ogg: NEW 
[11:59:44] [main/INFO] [GradleStart]:   sounds/portal/travel.ogg: NEW 
[11:59:44] [main/INFO] [GradleStart]:   sounds/portal/trigger.ogg: NEW 
[11:59:44] [main/INFO] [GradleStart]:   sounds/random/anvil_break.ogg: NEW 
[11:59:44] [main/INFO] [GradleStart]:   sounds/random/anvil_land.ogg: NEW 
[11:59:44] [main/INFO] [GradleStart]:   sounds/random/anvil_use.ogg: NEW 
[11:59:44] [main/INFO] [GradleStart]:   sounds/random/bow.ogg: NEW 
[11:59:44] [main/INFO] [GradleStart]:   sounds/random/bowhit1.ogg: NEW 
[11:59:44] [main/INFO] [GradleStart]:   sounds/random/bowhit2.ogg: NEW 
[11:59:44] [main/INFO] [GradleStart]:   sounds/random/bowhit3.ogg: NEW 
[11:59:44] [main/INFO] [GradleStart]:   sounds/random/bowhit4.ogg: NEW 
[11:59:44] [main/INFO] [GradleStart]:   sounds/random/break.ogg: NEW 
[11:59:44] [main/INFO] [GradleStart]:   sounds/random/breath.ogg: NEW 
[11:59:44] [main/INFO] [GradleStart]:   sounds/random/burp.ogg: NEW 
[11:59:44] [main/INFO] [GradleStart]:   sounds/random/chestclosed.ogg: NEW 
[11:59:44] [main/INFO] [GradleStart]:   sounds/random/chestopen.ogg: NEW 
[11:59:44] [main/INFO] [GradleStart]:   sounds/random/classic_hurt.ogg: NEW 
[11:59:44] [main/INFO] [GradleStart]:   sounds/random/click.ogg: NEW 
[11:59:44] [main/INFO] [GradleStart]:   sounds/random/door_close.ogg: NEW 
[11:59:44] [main/INFO] [GradleStart]:   sounds/random/door_open.ogg: NEW 
[11:59:44] [main/INFO] [GradleStart]:   sounds/random/drink.ogg: NEW 
[11:59:44] [main/INFO] [GradleStart]:   sounds/random/eat1.ogg: NEW 
[11:59:44] [main/INFO] [GradleStart]:   sounds/random/eat2.ogg: NEW 
[11:59:44] [main/INFO] [GradleStart]:   sounds/random/eat3.ogg: NEW 
[11:59:44] [main/INFO] [GradleStart]:   sounds/random/explode1.ogg: NEW 
[11:59:44] [main/INFO] [GradleStart]:   sounds/random/explode2.ogg: NEW 
[11:59:44] [main/INFO] [GradleStart]:   sounds/random/explode3.ogg: NEW 
[11:59:44] [main/INFO] [GradleStart]:   sounds/random/explode4.ogg: NEW 
[11:59:44] [main/INFO] [GradleStart]:   sounds/random/fizz.ogg: NEW 
[11:59:44] [main/INFO] [GradleStart]:   sounds/random/fuse.ogg: NEW 
[11:59:44] [main/INFO] [GradleStart]:   sounds/random/glass1.ogg: NEW 
[11:59:44] [main/INFO] [GradleStart]:   sounds/random/glass2.ogg: NEW 
[11:59:44] [main/INFO] [GradleStart]:   sounds/random/glass3.ogg: NEW 
[11:59:45] [main/INFO] [GradleStart]:   sounds/random/levelup.ogg: NEW 
[11:59:45] [main/INFO] [GradleStart]:   sounds/random/orb.ogg: NEW 
[11:59:45] [main/INFO] [GradleStart]:   sounds/random/pop.ogg: NEW 
[11:59:45] [main/INFO] [GradleStart]:   sounds/random/splash.ogg: NEW 
[11:59:45] [main/INFO] [GradleStart]:   sounds/random/successful_hit.ogg: NEW 
[11:59:45] [main/INFO] [GradleStart]:   sounds/random/wood_click.ogg: NEW 
[11:59:45] [main/INFO] [GradleStart]:   sounds/records/11.ogg: NEW 
[11:59:45] [main/INFO] [GradleStart]:   sounds/records/13.ogg: NEW 
[11:59:45] [main/INFO] [GradleStart]:   sounds/records/blocks.ogg: NEW 
[11:59:45] [main/INFO] [GradleStart]:   sounds/records/cat.ogg: NEW 
[11:59:45] [main/INFO] [GradleStart]:   sounds/records/chirp.ogg: NEW 
[11:59:45] [main/INFO] [GradleStart]:   sounds/records/far.ogg: NEW 
[11:59:45] [main/INFO] [GradleStart]:   sounds/records/mall.ogg: NEW 
[11:59:45] [main/INFO] [GradleStart]:   sounds/records/mellohi.ogg: NEW 
[11:59:45] [main/INFO] [GradleStart]:   sounds/records/stal.ogg: NEW 
[11:59:45] [main/INFO] [GradleStart]:   sounds/records/strad.ogg: NEW 
[11:59:46] [main/INFO] [GradleStart]:   sounds/records/wait.ogg: NEW 
[11:59:46] [main/INFO] [GradleStart]:   sounds/records/ward.ogg: NEW 
[11:59:46] [main/INFO] [GradleStart]:   sounds/step/cloth1.ogg: NEW 
[11:59:46] [main/INFO] [GradleStart]:   sounds/step/cloth2.ogg: NEW 
[11:59:46] [main/INFO] [GradleStart]:   sounds/step/cloth3.ogg: NEW 
[11:59:46] [main/INFO] [GradleStart]:   sounds/step/cloth4.ogg: NEW 
[11:59:46] [main/INFO] [GradleStart]:   sounds/step/grass1.ogg: NEW 
[11:59:46] [main/INFO] [GradleStart]:   sounds/step/grass2.ogg: NEW 
[11:59:46] [main/INFO] [GradleStart]:   sounds/step/grass3.ogg: NEW 
[11:59:46] [main/INFO] [GradleStart]:   sounds/step/grass4.ogg: NEW 
[11:59:46] [main/INFO] [GradleStart]:   sounds/step/grass5.ogg: NEW 
[11:59:46] [main/INFO] [GradleStart]:   sounds/step/grass6.ogg: NEW 
[11:59:46] [main/INFO] [GradleStart]:   sounds/step/gravel1.ogg: NEW 
[11:59:46] [main/INFO] [GradleStart]:   sounds/step/gravel2.ogg: NEW 
[11:59:46] [main/INFO] [GradleStart]:   sounds/step/gravel3.ogg: NEW 
[11:59:46] [main/INFO] [GradleStart]:   sounds/step/gravel4.ogg: NEW 
[11:59:46] [main/INFO] [GradleStart]:   sounds/step/ladder1.ogg: NEW 
[11:59:46] [main/INFO] [GradleStart]:   sounds/step/ladder2.ogg: NEW 
[11:59:46] [main/INFO] [GradleStart]:   sounds/step/ladder3.ogg: NEW 
[11:59:46] [main/INFO] [GradleStart]:   sounds/step/ladder4.ogg: NEW 
[11:59:46] [main/INFO] [GradleStart]:   sounds/step/ladder5.ogg: NEW 
[11:59:46] [main/INFO] [GradleStart]:   sounds/step/sand1.ogg: NEW 
[11:59:46] [main/INFO] [GradleStart]:   sounds/step/sand2.ogg: NEW 
[11:59:46] [main/INFO] [GradleStart]:   sounds/step/sand3.ogg: NEW 
[11:59:46] [main/INFO] [GradleStart]:   sounds/step/sand4.ogg: NEW 
[11:59:46] [main/INFO] [GradleStart]:   sounds/step/sand5.ogg: NEW 
[11:59:46] [main/INFO] [GradleStart]:   sounds/step/snow1.ogg: NEW 
[11:59:46] [main/INFO] [GradleStart]:   sounds/step/snow2.ogg: NEW 
[11:59:46] [main/INFO] [GradleStart]:   sounds/step/snow3.ogg: NEW 
[11:59:46] [main/INFO] [GradleStart]:   sounds/step/snow4.ogg: NEW 
[11:59:46] [main/INFO] [GradleStart]:   sounds/step/stone1.ogg: NEW 
[11:59:46] [main/INFO] [GradleStart]:   sounds/step/stone2.ogg: NEW 
[11:59:46] [main/INFO] [GradleStart]:   sounds/step/stone3.ogg: NEW 
[11:59:46] [main/INFO] [GradleStart]:   sounds/step/stone4.ogg: NEW 
[11:59:46] [main/INFO] [GradleStart]:   sounds/step/stone5.ogg: NEW 
[11:59:46] [main/INFO] [GradleStart]:   sounds/step/stone6.ogg: NEW 
[11:59:46] [main/INFO] [GradleStart]:   sounds/step/wood1.ogg: NEW 
[11:59:46] [main/INFO] [GradleStart]:   sounds/step/wood2.ogg: NEW 
[11:59:46] [main/INFO] [GradleStart]:   sounds/step/wood3.ogg: NEW 
[11:59:46] [main/INFO] [GradleStart]:   sounds/step/wood4.ogg: NEW 
[11:59:46] [main/INFO] [GradleStart]:   sounds/step/wood5.ogg: NEW 
[11:59:47] [main/INFO] [GradleStart]:   sounds/step/wood6.ogg: NEW 
[11:59:47] [main/INFO] [GradleStart]:   sounds/tile/piston/in.ogg: NEW 
[11:59:47] [main/INFO] [GradleStart]:   sounds/tile/piston/out.ogg: NEW 
[11:59:47] [main/INFO] [GradleStart]: Running with arguments: [--userProperties, {}, --assetsDir, C:\Users\Jason Archer\.gradle\caches\minecraft\assets\virtual\legacy, --assetIndex, legacy, --accessToken, {REDACTED}, --version, 1.7.2, --tweakClass, cpw.mods.fml.common.launcher.FMLTweaker, --username, ForgeDevName]
[11:59:47] [main/INFO] [LaunchWrapper]: Loading tweak class name cpw.mods.fml.common.launcher.FMLTweaker
[11:59:47] [main/INFO] [LaunchWrapper]: Using primary tweak class name cpw.mods.fml.common.launcher.FMLTweaker
[11:59:47] [main/INFO] [LaunchWrapper]: Calling tweak class cpw.mods.fml.common.launcher.FMLTweaker
[12:02:29] [main/INFO] [GradleStart]: No arguments specified, assuming client.
[12:02:29] [main/INFO] [GradleStart]: Extra: []
[12:02:29] [main/INFO] [GradleStart]: Setting up virtual assets in: C:\Users\Jason Archer\.gradle\caches\minecraft\assets\virtual\legacy
[12:02:35] [main/INFO] [GradleStart]: Running with arguments: [--userProperties, {}, --assetsDir, C:\Users\Jason Archer\.gradle\caches\minecraft\assets\virtual\legacy, --assetIndex, legacy, --accessToken, {REDACTED}, --version, 1.7.2, --tweakClass, cpw.mods.fml.common.launcher.FMLTweaker, --username, ForgeDevName]
[12:02:35] [main/INFO] [LaunchWrapper]: Loading tweak class name cpw.mods.fml.common.launcher.FMLTweaker
[12:02:35] [main/INFO] [LaunchWrapper]: Using primary tweak class name cpw.mods.fml.common.launcher.FMLTweaker
[12:02:35] [main/INFO] [LaunchWrapper]: Calling tweak class cpw.mods.fml.common.launcher.FMLTweaker
[12:15:01] [main/INFO] [GradleStart]: No arguments specified, assuming client.
[12:15:01] [main/INFO] [GradleStart]: Extra: []
[12:15:02] [main/INFO] [GradleStart]: Setting up virtual assets in: C:\Users\Jason Archer\.gradle\caches\minecraft\assets\virtual\legacy
[12:15:04] [main/INFO] [GradleStart]: Running with arguments: [--userProperties, {}, --username, ForgeDevName, --tweakClass, cpw.mods.fml.common.launcher.FMLTweaker, --accessToken, {REDACTED}, --assetIndex, legacy, --assetsDir, C:\Users\Jason Archer\.gradle\caches\minecraft\assets\virtual\legacy, --version, 1.7.2]
[12:15:04] [main/INFO] [LaunchWrapper]: Loading tweak class name cpw.mods.fml.common.launcher.FMLTweaker
[12:15:04] [main/INFO] [LaunchWrapper]: Using primary tweak class name cpw.mods.fml.common.launcher.FMLTweaker
[12:15:04] [main/INFO] [LaunchWrapper]: Calling tweak class cpw.mods.fml.common.launcher.FMLTweaker
[12:15:55] [main/INFO] [LaunchWrapper]: Loading tweak class name cpw.mods.fml.common.launcher.FMLServerTweaker
[12:15:55] [main/INFO] [LaunchWrapper]: Using primary tweak class name cpw.mods.fml.common.launcher.FMLServerTweaker
[12:15:55] [main/INFO] [LaunchWrapper]: Calling tweak class cpw.mods.fml.common.launcher.FMLServerTweaker
[16:32:35] [main/INFO] [GradleStart]: No arguments specified, assuming client.
[16:32:35] [main/INFO] [GradleStart]: Extra: []
[16:32:35] [main/INFO] [GradleStart]: Setting up virtual assets in: C:\Users\Jason Archer\.gradle\caches\minecraft\assets\virtual\legacy
[16:33:24] [main/INFO] [GradleStart]: Running with arguments: [--userProperties, {}, --username, ForgeDevName, --tweakClass, cpw.mods.fml.common.launcher.FMLTweaker, --accessToken, {REDACTED}, --assetIndex, legacy, --assetsDir, C:\Users\Jason Archer\.gradle\caches\minecraft\assets\virtual\legacy, --version, 1.7.2]
[16:33:24] [main/INFO] [LaunchWrapper]: Loading tweak class name cpw.mods.fml.common.launcher.FMLTweaker
[16:33:24] [main/INFO] [LaunchWrapper]: Using primary tweak class name cpw.mods.fml.common.launcher.FMLTweaker
[16:33:24] [main/INFO] [LaunchWrapper]: Calling tweak class cpw.mods.fml.common.launcher.FMLTweaker
[16:49:16] [main/INFO] [GradleStart]: No arguments specified, assuming client.
[16:49:16] [main/INFO] [GradleStart]: Extra: []
[16:49:16] [main/INFO] [GradleStart]: Setting up virtual assets in: C:\Users\Jason Archer\.gradle\caches\minecraft\assets\virtual\legacy
[16:49:19] [main/INFO] [GradleStart]: Running with arguments: [--userProperties, {}, --username, ForgeDevName, --tweakClass, cpw.mods.fml.common.launcher.FMLTweaker, --accessToken, {REDACTED}, --assetIndex, legacy, --assetsDir, C:\Users\Jason Archer\.gradle\caches\minecraft\assets\virtual\legacy, --version, 1.7.2]
[16:49:19] [main/INFO] [LaunchWrapper]: Loading tweak class name cpw.mods.fml.common.launcher.FMLTweaker
[16:49:19] [main/INFO] [LaunchWrapper]: Using primary tweak class name cpw.mods.fml.common.launcher.FMLTweaker
[16:49:19] [main/INFO] [LaunchWrapper]: Calling tweak class cpw.mods.fml.common.launcher.FMLTweaker
[13:27:47] [main/INFO] [GradleStart]: No arguments specified, assuming client.
[13:27:47] [main/INFO] [GradleStart]: Extra: []
[13:27:47] [main/INFO] [GradleStart]: Setting up virtual assets in: C:\Users\Jason Archer\.gradle\caches\minecraft\assets\virtual\legacy
[13:28:14] [main/INFO] [GradleStart]: Running with arguments: [--userProperties, {}, --username, ForgeDevName, --tweakClass, cpw.mods.fml.common.launcher.FMLTweaker, --accessToken, {REDACTED}, --assetIndex, legacy, --assetsDir, C:\Users\Jason Archer\.gradle\caches\minecraft\assets\virtual\legacy, --version, 1.7.2]
[13:28:14] [main/INFO] [LaunchWrapper]: Loading tweak class name cpw.mods.fml.common.launcher.FMLTweaker
[13:28:14] [main/INFO] [LaunchWrapper]: Using primary tweak class name cpw.mods.fml.common.launcher.FMLTweaker
[13:28:14] [main/INFO] [LaunchWrapper]: Calling tweak class cpw.mods.fml.common.launcher.FMLTweaker
[13:30:37] [main/INFO] [GradleStart]: No arguments specified, assuming client.
[13:30:37] [main/INFO] [GradleStart]: Extra: []
[13:30:37] [main/INFO] [GradleStart]: Setting up virtual assets in: C:\Users\Jason Archer\.gradle\caches\minecraft\assets\virtual\legacy
[13:30:40] [main/INFO] [GradleStart]: Running with arguments: [--userProperties, {}, --username, ForgeDevName, --tweakClass, cpw.mods.fml.common.launcher.FMLTweaker, --accessToken, {REDACTED}, --assetIndex, legacy, --assetsDir, C:\Users\Jason Archer\.gradle\caches\minecraft\assets\virtual\legacy, --version, 1.7.2]
[13:30:40] [main/INFO] [LaunchWrapper]: Loading tweak class name cpw.mods.fml.common.launcher.FMLTweaker
[13:30:40] [main/INFO] [LaunchWrapper]: Using primary tweak class name cpw.mods.fml.common.launcher.FMLTweaker
[13:30:40] [main/INFO] [LaunchWrapper]: Calling tweak class cpw.mods.fml.common.launcher.FMLTweaker
[14:46:33] [main/INFO] [GradleStart]: No arguments specified, assuming client.
[14:46:33] [main/INFO] [GradleStart]: Extra: []
[14:46:34] [main/INFO] [GradleStart]: Setting up virtual assets in: C:\Users\Jason Archer\.gradle\caches\minecraft\assets\virtual\legacy
[14:46:37] [main/INFO] [GradleStart]: Running with arguments: [--userProperties, {}, --username, ForgeDevName, --tweakClass, cpw.mods.fml.common.launcher.FMLTweaker, --accessToken, {REDACTED}, --assetIndex, legacy, --assetsDir, C:\Users\Jason Archer\.gradle\caches\minecraft\assets\virtual\legacy, --version, 1.7.2]
[14:46:37] [main/INFO] [LaunchWrapper]: Loading tweak class name cpw.mods.fml.common.launcher.FMLTweaker
[14:46:37] [main/INFO] [LaunchWrapper]: Using primary tweak class name cpw.mods.fml.common.launcher.FMLTweaker
[14:46:37] [main/INFO] [LaunchWrapper]: Calling tweak class cpw.mods.fml.common.launcher.FMLTweaker
[14:48:22] [main/INFO] [GradleStart]: No arguments specified, assuming client.
[14:48:22] [main/INFO] [GradleStart]: Extra: []
[14:48:22] [main/INFO] [GradleStart]: Setting up virtual assets in: C:\Users\Jason Archer\.gradle\caches\minecraft\assets\virtual\legacy
[14:48:25] [main/INFO] [GradleStart]: Running with arguments: [--userProperties, {}, --username, ForgeDevName, --tweakClass, cpw.mods.fml.common.launcher.FMLTweaker, --accessToken, {REDACTED}, --assetIndex, legacy, --assetsDir, C:\Users\Jason Archer\.gradle\caches\minecraft\assets\virtual\legacy, --version, 1.7.2]
[14:48:25] [main/INFO] [LaunchWrapper]: Loading tweak class name cpw.mods.fml.common.launcher.FMLTweaker
[14:48:25] [main/INFO] [LaunchWrapper]: Using primary tweak class name cpw.mods.fml.common.launcher.FMLTweaker
[14:48:25] [main/INFO] [LaunchWrapper]: Calling tweak class cpw.mods.fml.common.launcher.FMLTweaker
