[14:57:54] [main/INFO]: No arguments specified, assuming client.
[14:57:54] [main/INFO]: Extra: []
[14:57:55] [main/INFO]: Running with arguments: [--userProperties, {}, --username, ForgeDevName, --tweakClass, cpw.mods.fml.common.launcher.FMLTweaker, --accessToken, {REDACTED}, --assetIndex, 1.7.10, --assetsDir, C:/Users/Jason Archer/.gradle/caches/minecraft/assets, --version, 1.7.10]
[14:57:55] [main/INFO]: Loading tweak class name cpw.mods.fml.common.launcher.FMLTweaker
[14:57:55] [main/INFO]: Using primary tweak class name cpw.mods.fml.common.launcher.FMLTweaker
[14:57:55] [main/INFO]: Calling tweak class cpw.mods.fml.common.launcher.FMLTweaker
[14:57:55] [main/INFO]: Forge Mod Loader version 7.10.1.1160 for Minecraft 1.7.10 loading
[14:57:55] [main/INFO]: Java is Java HotSpot(TM) 64-Bit Server VM, version 1.7.0_67, running on Windows 7:amd64:6.1, installed at C:\Program Files\Java\jdk1.7.0_67\jre
[14:57:55] [main/INFO]: Managed to load a deobfuscated Minecraft name- we are in a deobfuscated environment. Skipping runtime deobfuscation
[14:57:55] [main/INFO]: Loading tweak class name cpw.mods.fml.common.launcher.FMLInjectionAndSortingTweaker
[14:57:55] [main/INFO]: Loading tweak class name cpw.mods.fml.common.launcher.FMLDeobfTweaker
[14:57:55] [main/INFO]: Calling tweak class cpw.mods.fml.common.launcher.FMLInjectionAndSortingTweaker
[14:57:55] [main/INFO]: Calling tweak class cpw.mods.fml.common.launcher.FMLInjectionAndSortingTweaker
[14:57:55] [main/INFO]: Calling tweak class cpw.mods.fml.relauncher.CoreModManager$FMLPluginWrapper
[14:57:56] [main/ERROR]: The binary patch set is missing. Either you are in a development environment, or things are not going to work!
[14:58:03] [main/ERROR]: The minecraft jar file:/C:/Users/Jason%20Archer/.gradle/caches/minecraft/net/minecraftforge/forge/1.7.10-10.13.0.1160/forgeSrc-1.7.10-10.13.0.1160.jar!/net/minecraft/client/ClientBrandRetriever.class appears to be corrupt! There has been CRITICAL TAMPERING WITH MINECRAFT, it is highly unlikely minecraft will work! STOP NOW, get a clean copy and try again!
[14:58:03] [main/ERROR]: FML has been ordered to ignore the invalid or missing minecraft certificate. This is very likely to cause a problem!
[14:58:03] [main/ERROR]: Technical information: ClientBrandRetriever was at jar:file:/C:/Users/Jason%20Archer/.gradle/caches/minecraft/net/minecraftforge/forge/1.7.10-10.13.0.1160/forgeSrc-1.7.10-10.13.0.1160.jar!/net/minecraft/client/ClientBrandRetriever.class, there were 0 certificates for it
[14:58:03] [main/ERROR]: FML appears to be missing any signature data. This is not a good thing
[14:58:03] [main/INFO]: Calling tweak class cpw.mods.fml.relauncher.CoreModManager$FMLPluginWrapper
[14:58:03] [main/INFO]: Calling tweak class cpw.mods.fml.common.launcher.FMLDeobfTweaker
[14:58:05] [main/INFO]: Launching wrapped minecraft {net.minecraft.client.main.Main}
[14:58:12] [main/INFO]: Setting user: ForgeDevName
[14:58:18] [Client thread/INFO]: LWJGL Version: 2.9.1
[14:58:20] [Client thread/INFO]: Attempting early MinecraftForge initialization
[14:58:20] [Client thread/INFO]: MinecraftForge v10.13.0.1160 Initialized
[14:58:20] [Client thread/INFO]: Replaced 182 ore recipies
[14:58:20] [Client thread/INFO]: Completed early MinecraftForge initialization
[14:58:21] [Client thread/INFO]: Searching C:\minecraft code projects\Minecraft\1.7\RandomThoughtsMod\eclipse\mods for mods
[14:58:30] [Client thread/WARN]: Zip file rt.jar failed to read properly, it will be ignored
java.lang.NullPointerException
	at cpw.mods.fml.common.discovery.asm.ASMModParser.isBaseMod(ASMModParser.java:130) ~[ASMModParser.class:?]
	at cpw.mods.fml.common.ModContainerFactory.build(ModContainerFactory.java:34) ~[ModContainerFactory.class:?]
	at cpw.mods.fml.common.discovery.JarDiscoverer.discover(JarDiscoverer.java:83) [JarDiscoverer.class:?]
	at cpw.mods.fml.common.discovery.ContainerType.findMods(ContainerType.java:42) [ContainerType.class:?]
	at cpw.mods.fml.common.discovery.ModCandidate.explore(ModCandidate.java:71) [ModCandidate.class:?]
	at cpw.mods.fml.common.discovery.ModDiscoverer.identifyMods(ModDiscoverer.java:123) [ModDiscoverer.class:?]
	at cpw.mods.fml.common.Loader.identifyMods(Loader.java:347) [Loader.class:?]
	at cpw.mods.fml.common.Loader.loadMods(Loader.java:468) [Loader.class:?]
	at cpw.mods.fml.client.FMLClientHandler.beginMinecraftLoading(FMLClientHandler.java:204) [FMLClientHandler.class:?]
	at net.minecraft.client.Minecraft.startGame(Minecraft.java:532) [Minecraft.class:?]
	at net.minecraft.client.Minecraft.run(Minecraft.java:941) [Minecraft.class:?]
	at net.minecraft.client.main.Main.main(Main.java:164) [Main.class:?]
	at sun.reflect.NativeMethodAccessorImpl.invoke0(Native Method) ~[?:1.7.0_67]
	at sun.reflect.NativeMethodAccessorImpl.invoke(NativeMethodAccessorImpl.java:57) ~[?:1.7.0_67]
	at sun.reflect.DelegatingMethodAccessorImpl.invoke(DelegatingMethodAccessorImpl.java:43) ~[?:1.7.0_67]
	at java.lang.reflect.Method.invoke(Method.java:606) ~[?:1.7.0_67]
	at net.minecraft.launchwrapper.Launch.launch(Launch.java:134) [launchwrapper-1.9.jar:?]
	at net.minecraft.launchwrapper.Launch.main(Launch.java:28) [launchwrapper-1.9.jar:?]
	at sun.reflect.NativeMethodAccessorImpl.invoke0(Native Method) ~[?:1.7.0_67]
	at sun.reflect.NativeMethodAccessorImpl.invoke(NativeMethodAccessorImpl.java:57) ~[?:1.7.0_67]
	at sun.reflect.DelegatingMethodAccessorImpl.invoke(DelegatingMethodAccessorImpl.java:43) ~[?:1.7.0_67]
	at java.lang.reflect.Method.invoke(Method.java:606) ~[?:1.7.0_67]
	at GradleStart.bounce(GradleStart.java:107) [start/:?]
	at GradleStart.startClient(GradleStart.java:100) [start/:?]
	at GradleStart.main(GradleStart.java:55) [start/:?]
	at sun.reflect.NativeMethodAccessorImpl.invoke0(Native Method) ~[?:1.7.0_67]
	at sun.reflect.NativeMethodAccessorImpl.invoke(NativeMethodAccessorImpl.java:57) ~[?:1.7.0_67]
	at sun.reflect.DelegatingMethodAccessorImpl.invoke(DelegatingMethodAccessorImpl.java:43) ~[?:1.7.0_67]
	at java.lang.reflect.Method.invoke(Method.java:606) ~[?:1.7.0_67]
	at com.intellij.rt.execution.application.AppMain.main(AppMain.java:134) [idea_rt.jar:?]
[14:58:36] [Client thread/ERROR]: FML has detected a mod that is using a package name based on 'net.minecraft.src' : net.minecraft.src.FMLRenderAccessLibrary. This is generally a severe programming error.  There should be no mod code in the minecraft namespace. MOVE YOUR MOD! If you're in eclipse, select your source code and 'refactor' it into a new package. Go on. DO IT NOW!
[14:58:36] [Client thread/INFO]: Forge Mod Loader has identified 4 mods to load
[14:58:38] [Client thread/INFO]: Reloading ResourceManager: Default, FMLFileResourcePack:Forge Mod Loader, FMLFileResourcePack:Minecraft Forge, FMLFileResourcePack:Random Thoughts Mod
[14:58:39] [Client thread/INFO]: Processing ObjectHolder annotations
[14:58:39] [Client thread/INFO]: Found 341 ObjectHolder annotations
[14:58:39] [Client thread/INFO]: Configured a dormant chunk cache size of 0
[14:58:39] [Client thread/INFO]: Pre Initialization Complete!
[14:58:39] [Client thread/INFO]: Applying holder lookups
[14:58:39] [Client thread/INFO]: Holder lookups applied
[14:58:44] [Sound Library Loader/INFO]: Sound engine started
[14:58:45] [Client thread/INFO]: Created: 512x256 textures/blocks-atlas
[14:58:45] [Client thread/INFO]: Created: 256x256 textures/items-atlas
[14:58:45] [Client thread/INFO]: Initialization Complete!
[14:58:46] [Client thread/INFO]: Post Initialization Complete!
[14:58:46] [Client thread/INFO]: Forge Mod Loader has successfully loaded 4 mods
[14:58:46] [Client thread/INFO]: Reloading ResourceManager: Default, FMLFileResourcePack:Forge Mod Loader, FMLFileResourcePack:Minecraft Forge, FMLFileResourcePack:Random Thoughts Mod
[14:58:47] [Client thread/INFO]: Created: 256x256 textures/items-atlas
[14:58:47] [Client thread/INFO]: Created: 512x256 textures/blocks-atlas
[14:58:51] [Sound Library Loader/INFO]: Sound engine started
[15:00:28] [Client thread/INFO]: Stopping!
